2026-02-25T05:50:24.688Z [INFO] [Project photo-album-java-fork]: getting Java version.
2026-02-25T05:50:24.689Z [INFO] [Project photo-album-java-fork]: got Java version: 21
2026-02-25T05:50:24.689Z [INFO] [Project photo-album-java-fork]: getting project state.
2026-02-25T05:50:24.690Z [INFO] [BaseBuildTool] Firing config modified event for mvn, sleeping for 5 seconds
2026-02-25T05:50:24.690Z [INFO] [Environment] Running command (Java 21): mvn --version
Apache Maven 3.9.11 (3e54c93a704957b63ee3494413a2b544fd3d825b)
Maven home: C:\ProgramData\chocolatey\lib\maven\apache-maven-3.9.11
Java version: 21.0.10, vendor: Oracle Corporation, runtime: C:\Program Files\Java\jdk-21.0.10
Default locale: en_US, platform encoding: UTF-8
OS name: "windows 11", version: "10.0", arch: "amd64", family: "windows"
2026-02-25T05:50:25.165Z [INFO] [BaseBuildTool] New version of mvn: 3.9.11 -> 3.9.11
2026-02-25T05:50:25.166Z [INFO] [MavenBuildTool] Getting Java version of D:\code\ai\samples\repos\photo-album-java-fork from pom.xml
2026-02-25T05:50:25.166Z [INFO] [MavenBuildTool] Searching for pom.xml files in D:\code\ai\samples\repos\photo-album-java-fork
2026-02-25T05:50:25.167Z [INFO] [MavenBuildTool] Found pom.xml files: D:\code\ai\samples\repos\photo-album-java-fork\pom.xml
2026-02-25T05:50:25.168Z [INFO] [MavenBuildTool] Java version found in D:\code\ai\samples\repos\photo-album-java-fork\pom.xml: 21
2026-02-25T05:50:25.168Z [INFO] [BaseBuildTool] Notifying Java version/Config change: '21' || '21'
2026-02-25T05:50:25.170Z [INFO] [Project photo-album-java-fork]: getting Java version.
2026-02-25T05:50:25.171Z [INFO] [Project photo-album-java-fork]: got Java version: 21
2026-02-25T05:50:25.171Z [INFO] [Project photo-album-java-fork]: getting dependencies promise.
2026-02-25T05:50:25.172Z [INFO] [Project photo-album-java-fork]: reset dependencies promise.
2026-02-25T05:50:25.172Z [INFO] [Environment] Running command (Java 21): mvn dependency:tree -B
[INFO] Scanning for projects...
[INFO] 
[INFO] ---------------------< com.photoalbum:photo-album >---------------------
[INFO] Building Photo Album 1.0.0
[INFO]   from pom.xml
[INFO] --------------------------------[ jar ]---------------------------------
[INFO] 
[INFO] --- dependency:3.8.1:tree (default-cli) @ photo-album ---
[INFO] com.photoalbum:photo-album:jar:1.0.0
[INFO] +- org.springframework.boot:spring-boot-starter-web:jar:3.4.2:compile
[INFO] |  +- org.springframework.boot:spring-boot-starter:jar:3.4.2:compile
[INFO] |  |  +- org.springframework.boot:spring-boot-starter-logging:jar:3.4.2:compile
[INFO] |  |  |  +- ch.qos.logback:logback-classic:jar:1.5.16:compile
[INFO] |  |  |  |  \- ch.qos.logback:logback-core:jar:1.5.16:compile
[INFO] |  |  |  +- org.apache.logging.log4j:log4j-to-slf4j:jar:2.24.3:compile
[INFO] |  |  |  |  \- org.apache.logging.log4j:log4j-api:jar:2.24.3:compile
[INFO] |  |  |  \- org.slf4j:jul-to-slf4j:jar:2.0.16:compile
[INFO] |  |  +- jakarta.annotation:jakarta.annotation-api:jar:2.1.1:compile
[INFO] |  |  \- org.yaml:snakeyaml:jar:2.3:compile
[INFO] |  +- org.springframework.boot:spring-boot-starter-tomcat:jar:3.4.2:compile
[INFO] |  |  +- org.apache.tomcat.embed:tomcat-embed-core:jar:10.1.34:compile
[INFO] |  |  \- org.apache.tomcat.embed:tomcat-embed-websocket:jar:10.1.34:compile
[INFO] |  +- org.springframework:spring-web:jar:6.2.2:compile
[INFO] |  |  +- org.springframework:spring-beans:jar:6.2.2:compile
[INFO] |  |  \- io.micrometer:micrometer-observation:jar:1.14.3:compile
[INFO] |  |     \- io.micrometer:micrometer-commons:jar:1.14.3:compile
[INFO] |  \- org.springframework:spring-webmvc:jar:6.2.2:compile
[INFO] |     +- org.springframework:spring-aop:jar:6.2.2:compile
[INFO] |     +- org.springframework:spring-context:jar:6.2.2:compile
[INFO] |     \- org.springframework:spring-expression:jar:6.2.2:compile
[INFO] +- org.springframework.boot:spring-boot-starter-thymeleaf:jar:3.4.2:compile
[INFO] |  \- org.thymeleaf:thymeleaf-spring6:jar:3.1.3.RELEASE:compile
[INFO] |     +- org.thymeleaf:thymeleaf:jar:3.1.3.RELEASE:compile
[INFO] |     |  +- org.attoparser:attoparser:jar:2.0.7.RELEASE:compile
[INFO] |     |  \- org.unbescape:unbescape:jar:1.1.6.RELEASE:compile
[INFO] |     \- org.slf4j:slf4j-api:jar:2.0.16:compile
[INFO] +- org.springframework.boot:spring-boot-starter-data-jpa:jar:3.4.2:compile
[INFO] |  +- org.springframework.boot:spring-boot-starter-jdbc:jar:3.4.2:compile
[INFO] |  |  +- com.zaxxer:HikariCP:jar:5.1.0:compile
[INFO] |  |  \- org.springframework:spring-jdbc:jar:6.2.2:compile
[INFO] |  +- org.hibernate.orm:hibernate-core:jar:6.6.5.Final:compile
[INFO] |  |  +- jakarta.persistence:jakarta.persistence-api:jar:3.1.0:compile
[INFO] |  |  +- jakarta.transaction:jakarta.transaction-api:jar:2.0.1:compile
[INFO] |  |  +- org.jboss.logging:jboss-logging:jar:3.6.1.Final:compile
[INFO] |  |  +- org.hibernate.common:hibernate-commons-annotations:jar:7.0.3.Final:runtime
[INFO] |  |  +- io.smallrye:jandex:jar:3.2.0:runtime
[INFO] |  |  +- com.fasterxml:classmate:jar:1.7.0:compile
[INFO] |  |  +- net.bytebuddy:byte-buddy:jar:1.15.11:runtime
[INFO] |  |  +- org.glassfish.jaxb:jaxb-runtime:jar:4.0.5:runtime
[INFO] |  |  |  \- org.glassfish.jaxb:jaxb-core:jar:4.0.5:runtime
[INFO] |  |  |     +- org.eclipse.angus:angus-activation:jar:2.0.2:runtime
[INFO] |  |  |     +- org.glassfish.jaxb:txw2:jar:4.0.5:runtime
[INFO] |  |  |     \- com.sun.istack:istack-commons-runtime:jar:4.1.2:runtime
[INFO] |  |  +- jakarta.inject:jakarta.inject-api:jar:2.0.1:runtime
[INFO] |  |  \- org.antlr:antlr4-runtime:jar:4.13.0:compile
[INFO] |  +- org.springframework.data:spring-data-jpa:jar:3.4.2:compile
[INFO] |  |  +- org.springframework.data:spring-data-commons:jar:3.4.2:compile
[INFO] |  |  +- org.springframework:spring-orm:jar:6.2.2:compile
[INFO] |  |  \- org.springframework:spring-tx:jar:6.2.2:compile
[INFO] |  \- org.springframework:spring-aspects:jar:6.2.2:compile
[INFO] |     \- org.aspectj:aspectjweaver:jar:1.9.22.1:compile
[INFO] +- com.oracle.database.jdbc:ojdbc8:jar:23.5.0.24.07:runtime
[INFO] +- org.springframework.boot:spring-boot-starter-validation:jar:3.4.2:compile
[INFO] |  +- org.apache.tomcat.embed:tomcat-embed-el:jar:10.1.34:compile
[INFO] |  \- org.hibernate.validator:hibernate-validator:jar:8.0.2.Final:compile
[INFO] |     \- jakarta.validation:jakarta.validation-api:jar:3.0.2:compile
[INFO] +- commons-io:commons-io:jar:2.11.0:compile
[INFO] +- org.springframework.boot:spring-boot-starter-json:jar:3.4.2:compile
[INFO] |  +- com.fasterxml.jackson.core:jackson-databind:jar:2.18.2:compile
[INFO] |  |  +- com.fasterxml.jackson.core:jackson-annotations:jar:2.18.2:compile
[INFO] |  |  \- com.fasterxml.jackson.core:jackson-core:jar:2.18.2:compile
[INFO] |  +- com.fasterxml.jackson.datatype:jackson-datatype-jdk8:jar:2.18.2:compile
[INFO] |  +- com.fasterxml.jackson.datatype:jackson-datatype-jsr310:jar:2.18.2:compile
[INFO] |  \- com.fasterxml.jackson.module:jackson-module-parameter-names:jar:2.18.2:compile
[INFO] +- org.springframework.boot:spring-boot-starter-test:jar:3.4.2:test
[INFO] |  +- org.springframework.boot:spring-boot-test:jar:3.4.2:test
[INFO] |  +- org.springframework.boot:spring-boot-test-autoconfigure:jar:3.4.2:test
[INFO] |  +- com.jayway.jsonpath:json-path:jar:2.9.0:test
[INFO] |  +- jakarta.xml.bind:jakarta.xml.bind-api:jar:4.0.2:runtime
[INFO] |  |  \- jakarta.activation:jakarta.activation-api:jar:2.1.3:runtime
[INFO] |  +- net.minidev:json-smart:jar:2.5.1:test
[INFO] |  |  \- net.minidev:accessors-smart:jar:2.5.1:test
[INFO] |  |     \- org.ow2.asm:asm:jar:9.6:test
[INFO] |  +- org.assertj:assertj-core:jar:3.26.3:test
[INFO] |  +- org.awaitility:awaitility:jar:4.2.2:test
[INFO] |  +- org.hamcrest:hamcrest:jar:2.2:test
[INFO] |  +- org.junit.jupiter:junit-jupiter:jar:5.11.4:test
[INFO] |  |  +- org.junit.jupiter:junit-jupiter-api:jar:5.11.4:test
[INFO] |  |  |  +- org.opentest4j:opentest4j:jar:1.3.0:test
[INFO] |  |  |  +- org.junit.platform:junit-platform-commons:jar:1.11.4:test
[INFO] |  |  |  \- org.apiguardian:apiguardian-api:jar:1.1.2:test
[INFO] |  |  +- org.junit.jupiter:junit-jupiter-params:jar:5.11.4:test
[INFO] |  |  \- org.junit.jupiter:junit-jupiter-engine:jar:5.11.4:test
[INFO] |  |     \- org.junit.platform:junit-platform-engine:jar:1.11.4:test
[INFO] |  +- org.mockito:mockito-core:jar:5.14.2:test
[INFO] |  |  +- net.bytebuddy:byte-buddy-agent:jar:1.15.11:test
[INFO] |  |  \- org.objenesis:objenesis:jar:3.3:test
[INFO] |  +- org.mockito:mockito-junit-jupiter:jar:5.14.2:test
[INFO] |  +- org.skyscreamer:jsonassert:jar:1.5.3:test
[INFO] |  |  \- com.vaadin.external.google:android-json:jar:0.0.20131108.vaadin1:test
[INFO] |  +- org.springframework:spring-core:jar:6.2.2:compile
[INFO] |  |  \- org.springframework:spring-jcl:jar:6.2.2:compile
[INFO] |  +- org.springframework:spring-test:jar:6.2.2:test
[INFO] |  \- org.xmlunit:xmlunit-core:jar:2.10.0:test
[INFO] +- com.h2database:h2:jar:2.3.232:test
[INFO] \- org.springframework.boot:spring-boot-devtools:jar:3.4.2:compile (optional)
[INFO]    +- org.springframework.boot:spring-boot:jar:3.4.2:compile
[INFO]    \- org.springframework.boot:spring-boot-autoconfigure:jar:3.4.2:compile
[INFO] ------------------------------------------------------------------------
[INFO] BUILD SUCCESS
[INFO] ------------------------------------------------------------------------
[INFO] Total time:  2.058 s
[INFO] Finished at: 2026-02-25T13:50:28+08:00
[INFO] ------------------------------------------------------------------------
2026-02-25T05:50:28.824Z [INFO] [MavenBuildTool] Successfully got dependency tree of D:\code\ai\samples\repos\photo-album-java-fork
2026-02-25T05:50:28.825Z [INFO] [MavenBuildTool] Getting Java version of D:\code\ai\samples\repos\photo-album-java-fork from pom.xml
2026-02-25T05:50:28.825Z [INFO] [MavenBuildTool] Searching for pom.xml files in D:\code\ai\samples\repos\photo-album-java-fork
2026-02-25T05:50:28.826Z [INFO] [MavenBuildTool] Found pom.xml files: D:\code\ai\samples\repos\photo-album-java-fork\pom.xml
2026-02-25T05:50:28.827Z [INFO] [MavenBuildTool] Java version found in D:\code\ai\samples\repos\photo-album-java-fork\pom.xml: 21
2026-02-25T05:50:28.828Z [INFO] [MavenBuildTool] Getting build errors of D:\code\ai\samples\repos\photo-album-java-fork using Maven
2026-02-25T05:50:28.828Z [INFO] [Environment] Running command (Java 21): mvn clean test-compile -q -B -fn
2026-02-25T05:50:33.897Z [INFO] [MavenBuildTool] parsing compilation errors.
2026-02-25T05:50:33.897Z [INFO] [BaseBuildTool] Found 1 modules: .
2026-02-25T05:50:33.906Z [INFO] [BaseBuildTool] Finish counting Java and class files
2026-02-25T05:50:33.907Z [INFO] [MavenBuildTool] Cleaning D:\code\ai\samples\repos\photo-album-java-fork using Maven
2026-02-25T05:50:33.907Z [INFO] [Environment] Running command (Java 21): mvn clean -q -B -fn
2026-02-25T05:50:35.980Z [INFO] [MavenBuildTool] Running test cases of D:\code\ai\samples\repos\photo-album-java-fork using Maven
2026-02-25T05:50:35.980Z [INFO] [Environment] Running command (Java 21): mvn clean test -q -B -fn
13:50:42.863 [main] INFO org.springframework.test.context.support.AnnotationConfigContextLoaderUtils -- Could not detect default configuration classes for test class [com.photoalbum.PhotoAlbumApplicationTests]: PhotoAlbumApplicationTests does not declare any static, non-private, non-final, nested classes annotated with @Configuration.
13:50:42.958 [main] INFO org.springframework.boot.test.context.SpringBootTestContextBootstrapper -- Found @SpringBootConfiguration com.photoalbum.PhotoAlbumApplication for test class com.photoalbum.PhotoAlbumApplicationTests
13:50:43.132 [main] INFO org.springframework.boot.devtools.restart.RestartApplicationListener -- Restart disabled due to context in which it is running

  .   ____          _            __ _ _
 /\\ / ___'_ __ _ _(_)_ __  __ _ \ \ \ \
( ( )\___ | '_ | '_| | '_ \/ _` | \ \ \ \
 \\/  ___)| |_)| | | | | || (_| |  ) ) ) )
  '  |____| .__|_| |_|_| |_\__, | / / / /
 =========|_|==============|___/=/_/_/_/

 :: Spring Boot ::                (v3.4.2)

2026-02-25T13:50:43.386+08:00  INFO 49876 --- [           main] c.photoalbum.PhotoAlbumApplicationTests  : Starting PhotoAlbumApplicationTests using Java 21.0.10 with PID 49876 (started by yuwzho in D:\code\ai\samples\repos\photo-album-java-fork)
2026-02-25T13:50:43.386+08:00 DEBUG 49876 --- [           main] c.photoalbum.PhotoAlbumApplicationTests  : Running with Spring Boot v3.4.2, Spring v6.2.2
2026-02-25T13:50:43.386+08:00  INFO 49876 --- [           main] c.photoalbum.PhotoAlbumApplicationTests  : The following 1 profile is active: "test"
2026-02-25T13:50:43.416+08:00 DEBUG 49876 --- [           main] o.s.w.c.s.GenericWebApplicationContext   : Refreshing org.springframework.web.context.support.GenericWebApplicationContext@2b50150
2026-02-25T13:50:44.127+08:00  INFO 49876 --- [           main] .s.d.r.c.RepositoryConfigurationDelegate : Bootstrapping Spring Data JPA repositories in DEFAULT mode.
2026-02-25T13:50:44.191+08:00  INFO 49876 --- [           main] .s.d.r.c.RepositoryConfigurationDelegate : Finished Spring Data repository scanning in 47 ms. Found 1 JPA repository interface.
2026-02-25T13:50:44.710+08:00  INFO 49876 --- [           main] o.hibernate.jpa.internal.util.LogHelper  : HHH000204: Processing PersistenceUnitInfo [name: default]
2026-02-25T13:50:44.820+08:00  INFO 49876 --- [           main] org.hibernate.Version                    : HHH000412: Hibernate ORM core version 6.6.5.Final
2026-02-25T13:50:44.868+08:00  INFO 49876 --- [           main] o.h.c.internal.RegionFactoryInitiator    : HHH000026: Second-level cache disabled
2026-02-25T13:50:45.278+08:00  INFO 49876 --- [           main] o.s.o.j.p.SpringPersistenceUnitInfo      : No LoadTimeWeaver setup: ignoring JPA class transformer
2026-02-25T13:50:45.307+08:00  INFO 49876 --- [           main] com.zaxxer.hikari.HikariDataSource       : HikariPool-1 - Starting...
2026-02-25T13:50:45.579+08:00  INFO 49876 --- [           main] com.zaxxer.hikari.pool.HikariPool        : HikariPool-1 - Added connection conn0: url=jdbc:h2:mem:testdb user=SA
2026-02-25T13:50:45.579+08:00  INFO 49876 --- [           main] com.zaxxer.hikari.HikariDataSource       : HikariPool-1 - Start completed.
2026-02-25T13:50:45.595+08:00  WARN 49876 --- [           main] org.hibernate.orm.deprecation            : HHH90000025: H2Dialect does not need to be specified explicitly using 'hibernate.dialect' (remove the property setting and it will be selected by default)
2026-02-25T13:50:45.611+08:00  INFO 49876 --- [           main] org.hibernate.orm.connections.pooling    : HHH10001005: Database info:
	Database JDBC URL [Connecting through datasource 'HikariDataSource (HikariPool-1)']
	Database driver: undefined/unknown
	Database version: 2.3.232
	Autocommit mode: undefined/unknown
	Isolation level: undefined/unknown
	Minimum pool size: undefined/unknown
	Maximum pool size: undefined/unknown
2026-02-25T13:50:46.280+08:00  INFO 49876 --- [           main] o.h.e.t.j.p.i.JtaPlatformInitiator       : HHH000489: No JTA platform available (set 'hibernate.transaction.jta.platform' to enable JTA platform integration)
2026-02-25T13:50:46.296+08:00  WARN 49876 --- [           main] o.h.t.s.i.ExceptionHandlerLoggedImpl     : GenerationTarget encountered exception accepting command : Error executing DDL "
    create table photos (
        height integer,
        width integer,
        file_size NUMBER(19,0) not null,
        uploaded_at TIMESTAMP DEFAULT SYSTIMESTAMP not null,
        id varchar(36) not null,
        mime_type varchar(50) not null,
        file_path varchar(500),
        original_file_name varchar(255) not null,
        stored_file_name varchar(255) not null,
        photo_data blob,
        primary key (id)
    )" via JDBC [Column "SYSTIMESTAMP" not found;]

org.hibernate.tool.schema.spi.CommandAcceptanceException: Error executing DDL "
    create table photos (
        height integer,
        width integer,
        file_size NUMBER(19,0) not null,
        uploaded_at TIMESTAMP DEFAULT SYSTIMESTAMP not null,
        id varchar(36) not null,
        mime_type varchar(50) not null,
        file_path varchar(500),
        original_file_name varchar(255) not null,
        stored_file_name varchar(255) not null,
        photo_data blob,
        primary key (id)
    )" via JDBC [Column "SYSTIMESTAMP" not found;]
	at org.hibernate.tool.schema.internal.exec.GenerationTargetToDatabase.accept(GenerationTargetToDatabase.java:94) ~[hibernate-core-6.6.5.Final.jar:6.6.5.Final]
	at org.hibernate.tool.schema.internal.Helper.applySqlString(Helper.java:233) ~[hibernate-core-6.6.5.Final.jar:6.6.5.Final]
	at org.hibernate.tool.schema.internal.Helper.applySqlStrings(Helper.java:217) ~[hibernate-core-6.6.5.Final.jar:6.6.5.Final]
	at org.hibernate.tool.schema.internal.SchemaCreatorImpl.createTables(SchemaCreatorImpl.java:428) ~[hibernate-core-6.6.5.Final.jar:6.6.5.Final]
	at org.hibernate.tool.schema.internal.SchemaCreatorImpl.createSequencesTablesConstraints(SchemaCreatorImpl.java:344) ~[hibernate-core-6.6.5.Final.jar:6.6.5.Final]
	at org.hibernate.tool.schema.internal.SchemaCreatorImpl.createFromMetadata(SchemaCreatorImpl.java:239) ~[hibernate-core-6.6.5.Final.jar:6.6.5.Final]
	at org.hibernate.tool.schema.internal.SchemaCreatorImpl.performCreation(SchemaCreatorImpl.java:172) ~[hibernate-core-6.6.5.Final.jar:6.6.5.Final]
	at org.hibernate.tool.schema.internal.SchemaCreatorImpl.doCreation(SchemaCreatorImpl.java:142) ~[hibernate-core-6.6.5.Final.jar:6.6.5.Final]
	at org.hibernate.tool.schema.internal.SchemaCreatorImpl.doCreation(SchemaCreatorImpl.java:118) ~[hibernate-core-6.6.5.Final.jar:6.6.5.Final]
	at org.hibernate.tool.schema.spi.SchemaManagementToolCoordinator.performDatabaseAction(SchemaManagementToolCoordinator.java:250) ~[hibernate-core-6.6.5.Final.jar:6.6.5.Final]
	at org.hibernate.tool.schema.spi.SchemaManagementToolCoordinator.lambda$process$5(SchemaManagementToolCoordinator.java:144) ~[hibernate-core-6.6.5.Final.jar:6.6.5.Final]
	at java.base/java.util.HashMap.forEach(HashMap.java:1429) ~[na:na]
	at org.hibernate.tool.schema.spi.SchemaManagementToolCoordinator.process(SchemaManagementToolCoordinator.java:141) ~[hibernate-core-6.6.5.Final.jar:6.6.5.Final]
	at org.hibernate.boot.internal.SessionFactoryObserverForSchemaExport.sessionFactoryCreated(SessionFactoryObserverForSchemaExport.java:37) ~[hibernate-core-6.6.5.Final.jar:6.6.5.Final]
	at org.hibernate.internal.SessionFactoryObserverChain.sessionFactoryCreated(SessionFactoryObserverChain.java:35) ~[hibernate-core-6.6.5.Final.jar:6.6.5.Final]
	at org.hibernate.internal.SessionFactoryImpl.<init>(SessionFactoryImpl.java:324) ~[hibernate-core-6.6.5.Final.jar:6.6.5.Final]
	at org.hibernate.boot.internal.SessionFactoryBuilderImpl.build(SessionFactoryBuilderImpl.java:463) ~[hibernate-core-6.6.5.Final.jar:6.6.5.Final]
	at org.hibernate.jpa.boot.internal.EntityManagerFactoryBuilderImpl.build(EntityManagerFactoryBuilderImpl.java:1506) ~[hibernate-core-6.6.5.Final.jar:6.6.5.Final]
	at org.springframework.orm.jpa.vendor.SpringHibernateJpaPersistenceProvider.createContainerEntityManagerFactory(SpringHibernateJpaPersistenceProvider.java:66) ~[spring-orm-6.2.2.jar:6.2.2]
	at org.springframework.orm.jpa.LocalContainerEntityManagerFactoryBean.createNativeEntityManagerFactory(LocalContainerEntityManagerFactoryBean.java:390) ~[spring-orm-6.2.2.jar:6.2.2]
	at org.springframework.orm.jpa.AbstractEntityManagerFactoryBean.buildNativeEntityManagerFactory(AbstractEntityManagerFactoryBean.java:419) ~[spring-orm-6.2.2.jar:6.2.2]
	at org.springframework.orm.jpa.AbstractEntityManagerFactoryBean.afterPropertiesSet(AbstractEntityManagerFactoryBean.java:400) ~[spring-orm-6.2.2.jar:6.2.2]
	at org.springframework.orm.jpa.LocalContainerEntityManagerFactoryBean.afterPropertiesSet(LocalContainerEntityManagerFactoryBean.java:366) ~[spring-orm-6.2.2.jar:6.2.2]
	at org.springframework.beans.factory.support.AbstractAutowireCapableBeanFactory.invokeInitMethods(AbstractAutowireCapableBeanFactory.java:1859) ~[spring-beans-6.2.2.jar:6.2.2]
	at org.springframework.beans.factory.support.AbstractAutowireCapableBeanFactory.initializeBean(AbstractAutowireCapableBeanFactory.java:1808) ~[spring-beans-6.2.2.jar:6.2.2]
	at org.springframework.beans.factory.support.AbstractAutowireCapableBeanFactory.doCreateBean(AbstractAutowireCapableBeanFactory.java:601) ~[spring-beans-6.2.2.jar:6.2.2]
	at org.springframework.beans.factory.support.AbstractAutowireCapableBeanFactory.createBean(AbstractAutowireCapableBeanFactory.java:523) ~[spring-beans-6.2.2.jar:6.2.2]
	at org.springframework.beans.factory.support.AbstractBeanFactory.lambda$doGetBean$0(AbstractBeanFactory.java:336) ~[spring-beans-6.2.2.jar:6.2.2]
	at org.springframework.beans.factory.support.DefaultSingletonBeanRegistry.getSingleton(DefaultSingletonBeanRegistry.java:307) ~[spring-beans-6.2.2.jar:6.2.2]
	at org.springframework.beans.factory.support.AbstractBeanFactory.doGetBean(AbstractBeanFactory.java:334) ~[spring-beans-6.2.2.jar:6.2.2]
	at org.springframework.beans.factory.support.AbstractBeanFactory.getBean(AbstractBeanFactory.java:204) ~[spring-beans-6.2.2.jar:6.2.2]
	at org.springframework.context.support.AbstractApplicationContext.finishBeanFactoryInitialization(AbstractApplicationContext.java:970) ~[spring-context-6.2.2.jar:6.2.2]
	at org.springframework.context.support.AbstractApplicationContext.refresh(AbstractApplicationContext.java:627) ~[spring-context-6.2.2.jar:6.2.2]
	at org.springframework.boot.SpringApplication.refresh(SpringApplication.java:752) ~[spring-boot-3.4.2.jar:3.4.2]
	at org.springframework.boot.SpringApplication.refreshContext(SpringApplication.java:439) ~[spring-boot-3.4.2.jar:3.4.2]
	at org.springframework.boot.SpringApplication.run(SpringApplication.java:318) ~[spring-boot-3.4.2.jar:3.4.2]
	at org.springframework.boot.test.context.SpringBootContextLoader.lambda$loadContext$3(SpringBootContextLoader.java:137) ~[spring-boot-test-3.4.2.jar:3.4.2]
	at org.springframework.util.function.ThrowingSupplier.get(ThrowingSupplier.java:58) ~[spring-core-6.2.2.jar:6.2.2]
	at org.springframework.util.function.ThrowingSupplier.get(ThrowingSupplier.java:46) ~[spring-core-6.2.2.jar:6.2.2]
	at org.springframework.boot.SpringApplication.withHook(SpringApplication.java:1461) ~[spring-boot-3.4.2.jar:3.4.2]
	at org.springframework.boot.test.context.SpringBootContextLoader$ContextLoaderHook.run(SpringBootContextLoader.java:553) ~[spring-boot-test-3.4.2.jar:3.4.2]
	at org.springframework.boot.test.context.SpringBootContextLoader.loadContext(SpringBootContextLoader.java:137) ~[spring-boot-test-3.4.2.jar:3.4.2]
	at org.springframework.boot.test.context.SpringBootContextLoader.loadContext(SpringBootContextLoader.java:108) ~[spring-boot-test-3.4.2.jar:3.4.2]
	at org.springframework.test.context.cache.DefaultCacheAwareContextLoaderDelegate.loadContextInternal(DefaultCacheAwareContextLoaderDelegate.java:225) ~[spring-test-6.2.2.jar:6.2.2]
	at org.springframework.test.context.cache.DefaultCacheAwareContextLoaderDelegate.loadContext(DefaultCacheAwareContextLoaderDelegate.java:152) ~[spring-test-6.2.2.jar:6.2.2]
	at org.springframework.test.context.support.DefaultTestContext.getApplicationContext(DefaultTestContext.java:130) ~[spring-test-6.2.2.jar:6.2.2]
	at org.springframework.test.context.web.ServletTestExecutionListener.setUpRequestContextIfNecessary(ServletTestExecutionListener.java:191) ~[spring-test-6.2.2.jar:6.2.2]
	at org.springframework.test.context.web.ServletTestExecutionListener.prepareTestInstance(ServletTestExecutionListener.java:130) ~[spring-test-6.2.2.jar:6.2.2]
	at org.springframework.test.context.TestContextManager.prepareTestInstance(TestContextManager.java:260) ~[spring-test-6.2.2.jar:6.2.2]
	at org.springframework.test.context.junit.jupiter.SpringExtension.postProcessTestInstance(SpringExtension.java:160) ~[spring-test-6.2.2.jar:6.2.2]
	at org.junit.jupiter.engine.descriptor.ClassBasedTestDescriptor.lambda$invokeTestInstancePostProcessors$11(ClassBasedTestDescriptor.java:378) ~[junit-jupiter-engine-5.11.4.jar:5.11.4]
	at org.junit.jupiter.engine.descriptor.ClassBasedTestDescriptor.executeAndMaskThrowable(ClassBasedTestDescriptor.java:383) ~[junit-jupiter-engine-5.11.4.jar:5.11.4]
	at org.junit.jupiter.engine.descriptor.ClassBasedTestDescriptor.lambda$invokeTestInstancePostProcessors$12(ClassBasedTestDescriptor.java:378) ~[junit-jupiter-engine-5.11.4.jar:5.11.4]
	at java.base/java.util.stream.ForEachOps$ForEachOp$OfRef.accept(ForEachOps.java:184) ~[na:na]
	at java.base/java.util.stream.ReferencePipeline$3$1.accept(ReferencePipeline.java:197) ~[na:na]
	at java.base/java.util.stream.ReferencePipeline$2$1.accept(ReferencePipeline.java:179) ~[na:na]
	at java.base/java.util.stream.ReferencePipeline$3$1.accept(ReferencePipeline.java:197) ~[na:na]
	at java.base/java.util.ArrayList$ArrayListSpliterator.forEachRemaining(ArrayList.java:1708) ~[na:na]
	at java.base/java.util.stream.AbstractPipeline.copyInto(AbstractPipeline.java:509) ~[na:na]
	at java.base/java.util.stream.AbstractPipeline.wrapAndCopyInto(AbstractPipeline.java:499) ~[na:na]
	at java.base/java.util.stream.ForEachOps$ForEachOp.evaluateSequential(ForEachOps.java:151) ~[na:na]
	at java.base/java.util.stream.ForEachOps$ForEachOp$OfRef.evaluateSequential(ForEachOps.java:174) ~[na:na]
	at java.base/java.util.stream.AbstractPipeline.evaluate(AbstractPipeline.java:234) ~[na:na]
	at java.base/java.util.stream.ReferencePipeline.forEach(ReferencePipeline.java:596) ~[na:na]
	at org.junit.jupiter.engine.descriptor.ClassBasedTestDescriptor.invokeTestInstancePostProcessors(ClassBasedTestDescriptor.java:377) ~[junit-jupiter-engine-5.11.4.jar:5.11.4]
	at org.junit.jupiter.engine.descriptor.ClassBasedTestDescriptor.lambda$instantiateAndPostProcessTestInstance$7(ClassBasedTestDescriptor.java:290) ~[junit-jupiter-engine-5.11.4.jar:5.11.4]
	at org.junit.platform.engine.support.hierarchical.ThrowableCollector.execute(ThrowableCollector.java:73) ~[junit-platform-engine-1.11.4.jar:1.11.4]
	at org.junit.jupiter.engine.descriptor.ClassBasedTestDescriptor.instantiateAndPostProcessTestInstance(ClassBasedTestDescriptor.java:289) ~[junit-jupiter-engine-5.11.4.jar:5.11.4]
	at org.junit.jupiter.engine.descriptor.ClassBasedTestDescriptor.lambda$testInstancesProvider$5(ClassBasedTestDescriptor.java:279) ~[junit-jupiter-engine-5.11.4.jar:5.11.4]
	at java.base/java.util.Optional.orElseGet(Optional.java:364) ~[na:na]
	at org.junit.jupiter.engine.descriptor.ClassBasedTestDescriptor.lambda$testInstancesProvider$6(ClassBasedTestDescriptor.java:278) ~[junit-jupiter-engine-5.11.4.jar:5.11.4]
	at org.junit.jupiter.engine.execution.TestInstancesProvider.getTestInstances(TestInstancesProvider.java:31) ~[junit-jupiter-engine-5.11.4.jar:5.11.4]
	at org.junit.jupiter.engine.descriptor.TestMethodTestDescriptor.lambda$prepare$1(TestMethodTestDescriptor.java:105) ~[junit-jupiter-engine-5.11.4.jar:5.11.4]
	at org.junit.platform.engine.support.hierarchical.ThrowableCollector.execute(ThrowableCollector.java:73) ~[junit-platform-engine-1.11.4.jar:1.11.4]
	at org.junit.jupiter.engine.descriptor.TestMethodTestDescriptor.prepare(TestMethodTestDescriptor.java:104) ~[junit-jupiter-engine-5.11.4.jar:5.11.4]
	at org.junit.jupiter.engine.descriptor.TestMethodTestDescriptor.prepare(TestMethodTestDescriptor.java:68) ~[junit-jupiter-engine-5.11.4.jar:5.11.4]
	at org.junit.platform.engine.support.hierarchical.NodeTestTask.lambda$prepare$2(NodeTestTask.java:128) ~[junit-platform-engine-1.11.4.jar:1.11.4]
	at org.junit.platform.engine.support.hierarchical.ThrowableCollector.execute(ThrowableCollector.java:73) ~[junit-platform-engine-1.11.4.jar:1.11.4]
	at org.junit.platform.engine.support.hierarchical.NodeTestTask.prepare(NodeTestTask.java:128) ~[junit-platform-engine-1.11.4.jar:1.11.4]
	at org.junit.platform.engine.support.hierarchical.NodeTestTask.execute(NodeTestTask.java:95) ~[junit-platform-engine-1.11.4.jar:1.11.4]
	at java.base/java.util.ArrayList.forEach(ArrayList.java:1596) ~[na:na]
	at org.junit.platform.engine.support.hierarchical.SameThreadHierarchicalTestExecutorService.invokeAll(SameThreadHierarchicalTestExecutorService.java:41) ~[junit-platform-engine-1.11.4.jar:1.11.4]
	at org.junit.platform.engine.support.hierarchical.NodeTestTask.lambda$executeRecursively$6(NodeTestTask.java:160) ~[junit-platform-engine-1.11.4.jar:1.11.4]
	at org.junit.platform.engine.support.hierarchical.ThrowableCollector.execute(ThrowableCollector.java:73) ~[junit-platform-engine-1.11.4.jar:1.11.4]
	at org.junit.platform.engine.support.hierarchical.NodeTestTask.lambda$executeRecursively$8(NodeTestTask.java:146) ~[junit-platform-engine-1.11.4.jar:1.11.4]
	at org.junit.platform.engine.support.hierarchical.Node.around(Node.java:137) ~[junit-platform-engine-1.11.4.jar:1.11.4]
	at org.junit.platform.engine.support.hierarchical.NodeTestTask.lambda$executeRecursively$9(NodeTestTask.java:144) ~[junit-platform-engine-1.11.4.jar:1.11.4]
	at org.junit.platform.engine.support.hierarchical.ThrowableCollector.execute(ThrowableCollector.java:73) ~[junit-platform-engine-1.11.4.jar:1.11.4]
	at org.junit.platform.engine.support.hierarchical.NodeTestTask.executeRecursively(NodeTestTask.java:143) ~[junit-platform-engine-1.11.4.jar:1.11.4]
	at org.junit.platform.engine.support.hierarchical.NodeTestTask.execute(NodeTestTask.java:100) ~[junit-platform-engine-1.11.4.jar:1.11.4]
	at java.base/java.util.ArrayList.forEach(ArrayList.java:1596) ~[na:na]
	at org.junit.platform.engine.support.hierarchical.SameThreadHierarchicalTestExecutorService.invokeAll(SameThreadHierarchicalTestExecutorService.java:41) ~[junit-platform-engine-1.11.4.jar:1.11.4]
	at org.junit.platform.engine.support.hierarchical.NodeTestTask.lambda$executeRecursively$6(NodeTestTask.java:160) ~[junit-platform-engine-1.11.4.jar:1.11.4]
	at org.junit.platform.engine.support.hierarchical.ThrowableCollector.execute(ThrowableCollector.java:73) ~[junit-platform-engine-1.11.4.jar:1.11.4]
	at org.junit.platform.engine.support.hierarchical.NodeTestTask.lambda$executeRecursively$8(NodeTestTask.java:146) ~[junit-platform-engine-1.11.4.jar:1.11.4]
	at org.junit.platform.engine.support.hierarchical.Node.around(Node.java:137) ~[junit-platform-engine-1.11.4.jar:1.11.4]
	at org.junit.platform.engine.support.hierarchical.NodeTestTask.lambda$executeRecursively$9(NodeTestTask.java:144) ~[junit-platform-engine-1.11.4.jar:1.11.4]
	at org.junit.platform.engine.support.hierarchical.ThrowableCollector.execute(ThrowableCollector.java:73) ~[junit-platform-engine-1.11.4.jar:1.11.4]
	at org.junit.platform.engine.support.hierarchical.NodeTestTask.executeRecursively(NodeTestTask.java:143) ~[junit-platform-engine-1.11.4.jar:1.11.4]
	at org.junit.platform.engine.support.hierarchical.NodeTestTask.execute(NodeTestTask.java:100) ~[junit-platform-engine-1.11.4.jar:1.11.4]
	at org.junit.platform.engine.support.hierarchical.SameThreadHierarchicalTestExecutorService.submit(SameThreadHierarchicalTestExecutorService.java:35) ~[junit-platform-engine-1.11.4.jar:1.11.4]
	at org.junit.platform.engine.support.hierarchical.HierarchicalTestExecutor.execute(HierarchicalTestExecutor.java:57) ~[junit-platform-engine-1.11.4.jar:1.11.4]
	at org.junit.platform.engine.support.hierarchical.HierarchicalTestEngine.execute(HierarchicalTestEngine.java:54) ~[junit-platform-engine-1.11.4.jar:1.11.4]
	at org.junit.platform.launcher.core.EngineExecutionOrchestrator.execute(EngineExecutionOrchestrator.java:198) ~[junit-platform-launcher-1.11.4.jar:1.11.4]
	at org.junit.platform.launcher.core.EngineExecutionOrchestrator.execute(EngineExecutionOrchestrator.java:169) ~[junit-platform-launcher-1.11.4.jar:1.11.4]
	at org.junit.platform.launcher.core.EngineExecutionOrchestrator.execute(EngineExecutionOrchestrator.java:93) ~[junit-platform-launcher-1.11.4.jar:1.11.4]
	at org.junit.platform.launcher.core.EngineExecutionOrchestrator.lambda$execute$0(EngineExecutionOrchestrator.java:58) ~[junit-platform-launcher-1.11.4.jar:1.11.4]
	at org.junit.platform.launcher.core.EngineExecutionOrchestrator.withInterceptedStreams(EngineExecutionOrchestrator.java:141) ~[junit-platform-launcher-1.11.4.jar:1.11.4]
	at org.junit.platform.launcher.core.EngineExecutionOrchestrator.execute(EngineExecutionOrchestrator.java:57) ~[junit-platform-launcher-1.11.4.jar:1.11.4]
	at org.junit.platform.launcher.core.DefaultLauncher.execute(DefaultLauncher.java:103) ~[junit-platform-launcher-1.11.4.jar:1.11.4]
	at org.junit.platform.launcher.core.DefaultLauncher.execute(DefaultLauncher.java:85) ~[junit-platform-launcher-1.11.4.jar:1.11.4]
	at org.junit.platform.launcher.core.DelegatingLauncher.execute(DelegatingLauncher.java:47) ~[junit-platform-launcher-1.11.4.jar:1.11.4]
	at org.apache.maven.surefire.junitplatform.LazyLauncher.execute(LazyLauncher.java:56) ~[surefire-junit-platform-3.5.2.jar:3.5.2]
	at org.apache.maven.surefire.junitplatform.JUnitPlatformProvider.execute(JUnitPlatformProvider.java:184) ~[surefire-junit-platform-3.5.2.jar:3.5.2]
	at org.apache.maven.surefire.junitplatform.JUnitPlatformProvider.invokeAllTests(JUnitPlatformProvider.java:148) ~[surefire-junit-platform-3.5.2.jar:3.5.2]
	at org.apache.maven.surefire.junitplatform.JUnitPlatformProvider.invoke(JUnitPlatformProvider.java:122) ~[surefire-junit-platform-3.5.2.jar:3.5.2]
	at org.apache.maven.surefire.booter.ForkedBooter.runSuitesInProcess(ForkedBooter.java:385) ~[surefire-booter-3.5.2.jar:3.5.2]
	at org.apache.maven.surefire.booter.ForkedBooter.execute(ForkedBooter.java:162) ~[surefire-booter-3.5.2.jar:3.5.2]
	at org.apache.maven.surefire.booter.ForkedBooter.run(ForkedBooter.java:507) ~[surefire-booter-3.5.2.jar:3.5.2]
	at org.apache.maven.surefire.booter.ForkedBooter.main(ForkedBooter.java:495) ~[surefire-booter-3.5.2.jar:3.5.2]
Caused by: org.h2.jdbc.JdbcSQLSyntaxErrorException: Column "SYSTIMESTAMP" not found; SQL statement:

    create table photos (
        height integer,
        width integer,
        file_size NUMBER(19,0) not null,
        uploaded_at TIMESTAMP DEFAULT SYSTIMESTAMP not null,
        id varchar(36) not null,
        mime_type varchar(50) not null,
        file_path varchar(500),
        original_file_name varchar(255) not null,
        stored_file_name varchar(255) not null,
        photo_data blob,
        primary key (id)
    ) [42122-232]
	at org.h2.message.DbException.getJdbcSQLException(DbException.java:514) ~[h2-2.3.232.jar:2.3.232]
	at org.h2.message.DbException.getJdbcSQLException(DbException.java:489) ~[h2-2.3.232.jar:2.3.232]
	at org.h2.message.DbException.get(DbException.java:223) ~[h2-2.3.232.jar:2.3.232]
	at org.h2.message.DbException.get(DbException.java:199) ~[h2-2.3.232.jar:2.3.232]
	at org.h2.expression.ExpressionColumn.getColumnException(ExpressionColumn.java:244) ~[h2-2.3.232.jar:2.3.232]
	at org.h2.expression.ExpressionColumn.optimizeOther(ExpressionColumn.java:226) ~[h2-2.3.232.jar:2.3.232]
	at org.h2.expression.ExpressionColumn.optimize(ExpressionColumn.java:213) ~[h2-2.3.232.jar:2.3.232]
	at org.h2.table.Column.setDefaultExpression(Column.java:286) ~[h2-2.3.232.jar:2.3.232]
	at org.h2.command.Parser.parseColumnForTable(Parser.java:5576) ~[h2-2.3.232.jar:2.3.232]
	at org.h2.command.Parser.parseTableColumnDefinition(Parser.java:8876) ~[h2-2.3.232.jar:2.3.232]
	at org.h2.command.Parser.parseCreateTable(Parser.java:8819) ~[h2-2.3.232.jar:2.3.232]
	at org.h2.command.Parser.parseCreate(Parser.java:6398) ~[h2-2.3.232.jar:2.3.232]
	at org.h2.command.Parser.parsePrepared(Parser.java:645) ~[h2-2.3.232.jar:2.3.232]
	at org.h2.command.Parser.parse(Parser.java:581) ~[h2-2.3.232.jar:2.3.232]
	at org.h2.command.Parser.parse(Parser.java:556) ~[h2-2.3.232.jar:2.3.232]
	at org.h2.command.Parser.prepareCommand(Parser.java:484) ~[h2-2.3.232.jar:2.3.232]
	at org.h2.engine.SessionLocal.prepareLocal(SessionLocal.java:645) ~[h2-2.3.232.jar:2.3.232]
	at org.h2.engine.SessionLocal.prepareCommand(SessionLocal.java:561) ~[h2-2.3.232.jar:2.3.232]
	at org.h2.jdbc.JdbcConnection.prepareCommand(JdbcConnection.java:1164) ~[h2-2.3.232.jar:2.3.232]
	at org.h2.jdbc.JdbcStatement.executeInternal(JdbcStatement.java:245) ~[h2-2.3.232.jar:2.3.232]
	at org.h2.jdbc.JdbcStatement.execute(JdbcStatement.java:231) ~[h2-2.3.232.jar:2.3.232]
	at com.zaxxer.hikari.pool.ProxyStatement.execute(ProxyStatement.java:94) ~[HikariCP-5.1.0.jar:na]
	at com.zaxxer.hikari.pool.HikariProxyStatement.execute(HikariProxyStatement.java) ~[HikariCP-5.1.0.jar:na]
	at org.hibernate.tool.schema.internal.exec.GenerationTargetToDatabase.accept(GenerationTargetToDatabase.java:80) ~[hibernate-core-6.6.5.Final.jar:6.6.5.Final]
	... 119 common frames omitted

2026-02-25T13:50:46.296+08:00  WARN 49876 --- [           main] o.h.t.s.i.ExceptionHandlerLoggedImpl     : GenerationTarget encountered exception accepting command : Error executing DDL "
    create index idx_photos_uploaded_at 
       on photos (uploaded_at)" via JDBC [Table "PHOTOS" not found;]

org.hibernate.tool.schema.spi.CommandAcceptanceException: Error executing DDL "
    create index idx_photos_uploaded_at 
       on photos (uploaded_at)" via JDBC [Table "PHOTOS" not found;]
	at org.hibernate.tool.schema.internal.exec.GenerationTargetToDatabase.accept(GenerationTargetToDatabase.java:94) ~[hibernate-core-6.6.5.Final.jar:6.6.5.Final]
	at org.hibernate.tool.schema.internal.Helper.applySqlString(Helper.java:233) ~[hibernate-core-6.6.5.Final.jar:6.6.5.Final]
	at org.hibernate.tool.schema.internal.Helper.applySqlStrings(Helper.java:217) ~[hibernate-core-6.6.5.Final.jar:6.6.5.Final]
	at org.hibernate.tool.schema.internal.SchemaCreatorImpl.createTableConstraints(SchemaCreatorImpl.java:390) ~[hibernate-core-6.6.5.Final.jar:6.6.5.Final]
	at org.hibernate.tool.schema.internal.SchemaCreatorImpl.createSequencesTablesConstraints(SchemaCreatorImpl.java:356) ~[hibernate-core-6.6.5.Final.jar:6.6.5.Final]
	at org.hibernate.tool.schema.internal.SchemaCreatorImpl.createFromMetadata(SchemaCreatorImpl.java:239) ~[hibernate-core-6.6.5.Final.jar:6.6.5.Final]
	at org.hibernate.tool.schema.internal.SchemaCreatorImpl.performCreation(SchemaCreatorImpl.java:172) ~[hibernate-core-6.6.5.Final.jar:6.6.5.Final]
	at org.hibernate.tool.schema.internal.SchemaCreatorImpl.doCreation(SchemaCreatorImpl.java:142) ~[hibernate-core-6.6.5.Final.jar:6.6.5.Final]
	at org.hibernate.tool.schema.internal.SchemaCreatorImpl.doCreation(SchemaCreatorImpl.java:118) ~[hibernate-core-6.6.5.Final.jar:6.6.5.Final]
	at org.hibernate.tool.schema.spi.SchemaManagementToolCoordinator.performDatabaseAction(SchemaManagementToolCoordinator.java:250) ~[hibernate-core-6.6.5.Final.jar:6.6.5.Final]
	at org.hibernate.tool.schema.spi.SchemaManagementToolCoordinator.lambda$process$5(SchemaManagementToolCoordinator.java:144) ~[hibernate-core-6.6.5.Final.jar:6.6.5.Final]
	at java.base/java.util.HashMap.forEach(HashMap.java:1429) ~[na:na]
	at org.hibernate.tool.schema.spi.SchemaManagementToolCoordinator.process(SchemaManagementToolCoordinator.java:141) ~[hibernate-core-6.6.5.Final.jar:6.6.5.Final]
	at org.hibernate.boot.internal.SessionFactoryObserverForSchemaExport.sessionFactoryCreated(SessionFactoryObserverForSchemaExport.java:37) ~[hibernate-core-6.6.5.Final.jar:6.6.5.Final]
	at org.hibernate.internal.SessionFactoryObserverChain.sessionFactoryCreated(SessionFactoryObserverChain.java:35) ~[hibernate-core-6.6.5.Final.jar:6.6.5.Final]
	at org.hibernate.internal.SessionFactoryImpl.<init>(SessionFactoryImpl.java:324) ~[hibernate-core-6.6.5.Final.jar:6.6.5.Final]
	at org.hibernate.boot.internal.SessionFactoryBuilderImpl.build(SessionFactoryBuilderImpl.java:463) ~[hibernate-core-6.6.5.Final.jar:6.6.5.Final]
	at org.hibernate.jpa.boot.internal.EntityManagerFactoryBuilderImpl.build(EntityManagerFactoryBuilderImpl.java:1506) ~[hibernate-core-6.6.5.Final.jar:6.6.5.Final]
	at org.springframework.orm.jpa.vendor.SpringHibernateJpaPersistenceProvider.createContainerEntityManagerFactory(SpringHibernateJpaPersistenceProvider.java:66) ~[spring-orm-6.2.2.jar:6.2.2]
	at org.springframework.orm.jpa.LocalContainerEntityManagerFactoryBean.createNativeEntityManagerFactory(LocalContainerEntityManagerFactoryBean.java:390) ~[spring-orm-6.2.2.jar:6.2.2]
	at org.springframework.orm.jpa.AbstractEntityManagerFactoryBean.buildNativeEntityManagerFactory(AbstractEntityManagerFactoryBean.java:419) ~[spring-orm-6.2.2.jar:6.2.2]
	at org.springframework.orm.jpa.AbstractEntityManagerFactoryBean.afterPropertiesSet(AbstractEntityManagerFactoryBean.java:400) ~[spring-orm-6.2.2.jar:6.2.2]
	at org.springframework.orm.jpa.LocalContainerEntityManagerFactoryBean.afterPropertiesSet(LocalContainerEntityManagerFactoryBean.java:366) ~[spring-orm-6.2.2.jar:6.2.2]
	at org.springframework.beans.factory.support.AbstractAutowireCapableBeanFactory.invokeInitMethods(AbstractAutowireCapableBeanFactory.java:1859) ~[spring-beans-6.2.2.jar:6.2.2]
	at org.springframework.beans.factory.support.AbstractAutowireCapableBeanFactory.initializeBean(AbstractAutowireCapableBeanFactory.java:1808) ~[spring-beans-6.2.2.jar:6.2.2]
	at org.springframework.beans.factory.support.AbstractAutowireCapableBeanFactory.doCreateBean(AbstractAutowireCapableBeanFactory.java:601) ~[spring-beans-6.2.2.jar:6.2.2]
	at org.springframework.beans.factory.support.AbstractAutowireCapableBeanFactory.createBean(AbstractAutowireCapableBeanFactory.java:523) ~[spring-beans-6.2.2.jar:6.2.2]
	at org.springframework.beans.factory.support.AbstractBeanFactory.lambda$doGetBean$0(AbstractBeanFactory.java:336) ~[spring-beans-6.2.2.jar:6.2.2]
	at org.springframework.beans.factory.support.DefaultSingletonBeanRegistry.getSingleton(DefaultSingletonBeanRegistry.java:307) ~[spring-beans-6.2.2.jar:6.2.2]
	at org.springframework.beans.factory.support.AbstractBeanFactory.doGetBean(AbstractBeanFactory.java:334) ~[spring-beans-6.2.2.jar:6.2.2]
	at org.springframework.beans.factory.support.AbstractBeanFactory.getBean(AbstractBeanFactory.java:204) ~[spring-beans-6.2.2.jar:6.2.2]
	at org.springframework.context.support.AbstractApplicationContext.finishBeanFactoryInitialization(AbstractApplicationContext.java:970) ~[spring-context-6.2.2.jar:6.2.2]
	at org.springframework.context.support.AbstractApplicationContext.refresh(AbstractApplicationContext.java:627) ~[spring-context-6.2.2.jar:6.2.2]
	at org.springframework.boot.SpringApplication.refresh(SpringApplication.java:752) ~[spring-boot-3.4.2.jar:3.4.2]
	at org.springframework.boot.SpringApplication.refreshContext(SpringApplication.java:439) ~[spring-boot-3.4.2.jar:3.4.2]
	at org.springframework.boot.SpringApplication.run(SpringApplication.java:318) ~[spring-boot-3.4.2.jar:3.4.2]
	at org.springframework.boot.test.context.SpringBootContextLoader.lambda$loadContext$3(SpringBootContextLoader.java:137) ~[spring-boot-test-3.4.2.jar:3.4.2]
	at org.springframework.util.function.ThrowingSupplier.get(ThrowingSupplier.java:58) ~[spring-core-6.2.2.jar:6.2.2]
	at org.springframework.util.function.ThrowingSupplier.get(ThrowingSupplier.java:46) ~[spring-core-6.2.2.jar:6.2.2]
	at org.springframework.boot.SpringApplication.withHook(SpringApplication.java:1461) ~[spring-boot-3.4.2.jar:3.4.2]
	at org.springframework.boot.test.context.SpringBootContextLoader$ContextLoaderHook.run(SpringBootContextLoader.java:553) ~[spring-boot-test-3.4.2.jar:3.4.2]
	at org.springframework.boot.test.context.SpringBootContextLoader.loadContext(SpringBootContextLoader.java:137) ~[spring-boot-test-3.4.2.jar:3.4.2]
	at org.springframework.boot.test.context.SpringBootContextLoader.loadContext(SpringBootContextLoader.java:108) ~[spring-boot-test-3.4.2.jar:3.4.2]
	at org.springframework.test.context.cache.DefaultCacheAwareContextLoaderDelegate.loadContextInternal(DefaultCacheAwareContextLoaderDelegate.java:225) ~[spring-test-6.2.2.jar:6.2.2]
	at org.springframework.test.context.cache.DefaultCacheAwareContextLoaderDelegate.loadContext(DefaultCacheAwareContextLoaderDelegate.java:152) ~[spring-test-6.2.2.jar:6.2.2]
	at org.springframework.test.context.support.DefaultTestContext.getApplicationContext(DefaultTestContext.java:130) ~[spring-test-6.2.2.jar:6.2.2]
	at org.springframework.test.context.web.ServletTestExecutionListener.setUpRequestContextIfNecessary(ServletTestExecutionListener.java:191) ~[spring-test-6.2.2.jar:6.2.2]
	at org.springframework.test.context.web.ServletTestExecutionListener.prepareTestInstance(ServletTestExecutionListener.java:130) ~[spring-test-6.2.2.jar:6.2.2]
	at org.springframework.test.context.TestContextManager.prepareTestInstance(TestContextManager.java:260) ~[spring-test-6.2.2.jar:6.2.2]
	at org.springframework.test.context.junit.jupiter.SpringExtension.postProcessTestInstance(SpringExtension.java:160) ~[spring-test-6.2.2.jar:6.2.2]
	at org.junit.jupiter.engine.descriptor.ClassBasedTestDescriptor.lambda$invokeTestInstancePostProcessors$11(ClassBasedTestDescriptor.java:378) ~[junit-jupiter-engine-5.11.4.jar:5.11.4]
	at org.junit.jupiter.engine.descriptor.ClassBasedTestDescriptor.executeAndMaskThrowable(ClassBasedTestDescriptor.java:383) ~[junit-jupiter-engine-5.11.4.jar:5.11.4]
	at org.junit.jupiter.engine.descriptor.ClassBasedTestDescriptor.lambda$invokeTestInstancePostProcessors$12(ClassBasedTestDescriptor.java:378) ~[junit-jupiter-engine-5.11.4.jar:5.11.4]
	at java.base/java.util.stream.ForEachOps$ForEachOp$OfRef.accept(ForEachOps.java:184) ~[na:na]
	at java.base/java.util.stream.ReferencePipeline$3$1.accept(ReferencePipeline.java:197) ~[na:na]
	at java.base/java.util.stream.ReferencePipeline$2$1.accept(ReferencePipeline.java:179) ~[na:na]
	at java.base/java.util.stream.ReferencePipeline$3$1.accept(ReferencePipeline.java:197) ~[na:na]
	at java.base/java.util.ArrayList$ArrayListSpliterator.forEachRemaining(ArrayList.java:1708) ~[na:na]
	at java.base/java.util.stream.AbstractPipeline.copyInto(AbstractPipeline.java:509) ~[na:na]
	at java.base/java.util.stream.AbstractPipeline.wrapAndCopyInto(AbstractPipeline.java:499) ~[na:na]
	at java.base/java.util.stream.ForEachOps$ForEachOp.evaluateSequential(ForEachOps.java:151) ~[na:na]
	at java.base/java.util.stream.ForEachOps$ForEachOp$OfRef.evaluateSequential(ForEachOps.java:174) ~[na:na]
	at java.base/java.util.stream.AbstractPipeline.evaluate(AbstractPipeline.java:234) ~[na:na]
	at java.base/java.util.stream.ReferencePipeline.forEach(ReferencePipeline.java:596) ~[na:na]
	at org.junit.jupiter.engine.descriptor.ClassBasedTestDescriptor.invokeTestInstancePostProcessors(ClassBasedTestDescriptor.java:377) ~[junit-jupiter-engine-5.11.4.jar:5.11.4]
	at org.junit.jupiter.engine.descriptor.ClassBasedTestDescriptor.lambda$instantiateAndPostProcessTestInstance$7(ClassBasedTestDescriptor.java:290) ~[junit-jupiter-engine-5.11.4.jar:5.11.4]
	at org.junit.platform.engine.support.hierarchical.ThrowableCollector.execute(ThrowableCollector.java:73) ~[junit-platform-engine-1.11.4.jar:1.11.4]
	at org.junit.jupiter.engine.descriptor.ClassBasedTestDescriptor.instantiateAndPostProcessTestInstance(ClassBasedTestDescriptor.java:289) ~[junit-jupiter-engine-5.11.4.jar:5.11.4]
	at org.junit.jupiter.engine.descriptor.ClassBasedTestDescriptor.lambda$testInstancesProvider$5(ClassBasedTestDescriptor.java:279) ~[junit-jupiter-engine-5.11.4.jar:5.11.4]
	at java.base/java.util.Optional.orElseGet(Optional.java:364) ~[na:na]
	at org.junit.jupiter.engine.descriptor.ClassBasedTestDescriptor.lambda$testInstancesProvider$6(ClassBasedTestDescriptor.java:278) ~[junit-jupiter-engine-5.11.4.jar:5.11.4]
	at org.junit.jupiter.engine.execution.TestInstancesProvider.getTestInstances(TestInstancesProvider.java:31) ~[junit-jupiter-engine-5.11.4.jar:5.11.4]
	at org.junit.jupiter.engine.descriptor.TestMethodTestDescriptor.lambda$prepare$1(TestMethodTestDescriptor.java:105) ~[junit-jupiter-engine-5.11.4.jar:5.11.4]
	at org.junit.platform.engine.support.hierarchical.ThrowableCollector.execute(ThrowableCollector.java:73) ~[junit-platform-engine-1.11.4.jar:1.11.4]
	at org.junit.jupiter.engine.descriptor.TestMethodTestDescriptor.prepare(TestMethodTestDescriptor.java:104) ~[junit-jupiter-engine-5.11.4.jar:5.11.4]
	at org.junit.jupiter.engine.descriptor.TestMethodTestDescriptor.prepare(TestMethodTestDescriptor.java:68) ~[junit-jupiter-engine-5.11.4.jar:5.11.4]
	at org.junit.platform.engine.support.hierarchical.NodeTestTask.lambda$prepare$2(NodeTestTask.java:128) ~[junit-platform-engine-1.11.4.jar:1.11.4]
	at org.junit.platform.engine.support.hierarchical.ThrowableCollector.execute(ThrowableCollector.java:73) ~[junit-platform-engine-1.11.4.jar:1.11.4]
	at org.junit.platform.engine.support.hierarchical.NodeTestTask.prepare(NodeTestTask.java:128) ~[junit-platform-engine-1.11.4.jar:1.11.4]
	at org.junit.platform.engine.support.hierarchical.NodeTestTask.execute(NodeTestTask.java:95) ~[junit-platform-engine-1.11.4.jar:1.11.4]
	at java.base/java.util.ArrayList.forEach(ArrayList.java:1596) ~[na:na]
	at org.junit.platform.engine.support.hierarchical.SameThreadHierarchicalTestExecutorService.invokeAll(SameThreadHierarchicalTestExecutorService.java:41) ~[junit-platform-engine-1.11.4.jar:1.11.4]
	at org.junit.platform.engine.support.hierarchical.NodeTestTask.lambda$executeRecursively$6(NodeTestTask.java:160) ~[junit-platform-engine-1.11.4.jar:1.11.4]
	at org.junit.platform.engine.support.hierarchical.ThrowableCollector.execute(ThrowableCollector.java:73) ~[junit-platform-engine-1.11.4.jar:1.11.4]
	at org.junit.platform.engine.support.hierarchical.NodeTestTask.lambda$executeRecursively$8(NodeTestTask.java:146) ~[junit-platform-engine-1.11.4.jar:1.11.4]
	at org.junit.platform.engine.support.hierarchical.Node.around(Node.java:137) ~[junit-platform-engine-1.11.4.jar:1.11.4]
	at org.junit.platform.engine.support.hierarchical.NodeTestTask.lambda$executeRecursively$9(NodeTestTask.java:144) ~[junit-platform-engine-1.11.4.jar:1.11.4]
	at org.junit.platform.engine.support.hierarchical.ThrowableCollector.execute(ThrowableCollector.java:73) ~[junit-platform-engine-1.11.4.jar:1.11.4]
	at org.junit.platform.engine.support.hierarchical.NodeTestTask.executeRecursively(NodeTestTask.java:143) ~[junit-platform-engine-1.11.4.jar:1.11.4]
	at org.junit.platform.engine.support.hierarchical.NodeTestTask.execute(NodeTestTask.java:100) ~[junit-platform-engine-1.11.4.jar:1.11.4]
	at java.base/java.util.ArrayList.forEach(ArrayList.java:1596) ~[na:na]
	at org.junit.platform.engine.support.hierarchical.SameThreadHierarchicalTestExecutorService.invokeAll(SameThreadHierarchicalTestExecutorService.java:41) ~[junit-platform-engine-1.11.4.jar:1.11.4]
	at org.junit.platform.engine.support.hierarchical.NodeTestTask.lambda$executeRecursively$6(NodeTestTask.java:160) ~[junit-platform-engine-1.11.4.jar:1.11.4]
	at org.junit.platform.engine.support.hierarchical.ThrowableCollector.execute(ThrowableCollector.java:73) ~[junit-platform-engine-1.11.4.jar:1.11.4]
	at org.junit.platform.engine.support.hierarchical.NodeTestTask.lambda$executeRecursively$8(NodeTestTask.java:146) ~[junit-platform-engine-1.11.4.jar:1.11.4]
	at org.junit.platform.engine.support.hierarchical.Node.around(Node.java:137) ~[junit-platform-engine-1.11.4.jar:1.11.4]
	at org.junit.platform.engine.support.hierarchical.NodeTestTask.lambda$executeRecursively$9(NodeTestTask.java:144) ~[junit-platform-engine-1.11.4.jar:1.11.4]
	at org.junit.platform.engine.support.hierarchical.ThrowableCollector.execute(ThrowableCollector.java:73) ~[junit-platform-engine-1.11.4.jar:1.11.4]
	at org.junit.platform.engine.support.hierarchical.NodeTestTask.executeRecursively(NodeTestTask.java:143) ~[junit-platform-engine-1.11.4.jar:1.11.4]
	at org.junit.platform.engine.support.hierarchical.NodeTestTask.execute(NodeTestTask.java:100) ~[junit-platform-engine-1.11.4.jar:1.11.4]
	at org.junit.platform.engine.support.hierarchical.SameThreadHierarchicalTestExecutorService.submit(SameThreadHierarchicalTestExecutorService.java:35) ~[junit-platform-engine-1.11.4.jar:1.11.4]
	at org.junit.platform.engine.support.hierarchical.HierarchicalTestExecutor.execute(HierarchicalTestExecutor.java:57) ~[junit-platform-engine-1.11.4.jar:1.11.4]
	at org.junit.platform.engine.support.hierarchical.HierarchicalTestEngine.execute(HierarchicalTestEngine.java:54) ~[junit-platform-engine-1.11.4.jar:1.11.4]
	at org.junit.platform.launcher.core.EngineExecutionOrchestrator.execute(EngineExecutionOrchestrator.java:198) ~[junit-platform-launcher-1.11.4.jar:1.11.4]
	at org.junit.platform.launcher.core.EngineExecutionOrchestrator.execute(EngineExecutionOrchestrator.java:169) ~[junit-platform-launcher-1.11.4.jar:1.11.4]
	at org.junit.platform.launcher.core.EngineExecutionOrchestrator.execute(EngineExecutionOrchestrator.java:93) ~[junit-platform-launcher-1.11.4.jar:1.11.4]
	at org.junit.platform.launcher.core.EngineExecutionOrchestrator.lambda$execute$0(EngineExecutionOrchestrator.java:58) ~[junit-platform-launcher-1.11.4.jar:1.11.4]
	at org.junit.platform.launcher.core.EngineExecutionOrchestrator.withInterceptedStreams(EngineExecutionOrchestrator.java:141) ~[junit-platform-launcher-1.11.4.jar:1.11.4]
	at org.junit.platform.launcher.core.EngineExecutionOrchestrator.execute(EngineExecutionOrchestrator.java:57) ~[junit-platform-launcher-1.11.4.jar:1.11.4]
	at org.junit.platform.launcher.core.DefaultLauncher.execute(DefaultLauncher.java:103) ~[junit-platform-launcher-1.11.4.jar:1.11.4]
	at org.junit.platform.launcher.core.DefaultLauncher.execute(DefaultLauncher.java:85) ~[junit-platform-launcher-1.11.4.jar:1.11.4]
	at org.junit.platform.launcher.core.DelegatingLauncher.execute(DelegatingLauncher.java:47) ~[junit-platform-launcher-1.11.4.jar:1.11.4]
	at org.apache.maven.surefire.junitplatform.LazyLauncher.execute(LazyLauncher.java:56) ~[surefire-junit-platform-3.5.2.jar:3.5.2]
	at org.apache.maven.surefire.junitplatform.JUnitPlatformProvider.execute(JUnitPlatformProvider.java:184) ~[surefire-junit-platform-3.5.2.jar:3.5.2]
	at org.apache.maven.surefire.junitplatform.JUnitPlatformProvider.invokeAllTests(JUnitPlatformProvider.java:148) ~[surefire-junit-platform-3.5.2.jar:3.5.2]
	at org.apache.maven.surefire.junitplatform.JUnitPlatformProvider.invoke(JUnitPlatformProvider.java:122) ~[surefire-junit-platform-3.5.2.jar:3.5.2]
	at org.apache.maven.surefire.booter.ForkedBooter.runSuitesInProcess(ForkedBooter.java:385) ~[surefire-booter-3.5.2.jar:3.5.2]
	at org.apache.maven.surefire.booter.ForkedBooter.execute(ForkedBooter.java:162) ~[surefire-booter-3.5.2.jar:3.5.2]
	at org.apache.maven.surefire.booter.ForkedBooter.run(ForkedBooter.java:507) ~[surefire-booter-3.5.2.jar:3.5.2]
	at org.apache.maven.surefire.booter.ForkedBooter.main(ForkedBooter.java:495) ~[surefire-booter-3.5.2.jar:3.5.2]
Caused by: org.h2.jdbc.JdbcSQLSyntaxErrorException: Table "PHOTOS" not found; SQL statement:

    create index idx_photos_uploaded_at 
       on photos (upload [42102-232]
	at org.h2.message.DbException.getJdbcSQLException(DbException.java:514) ~[h2-2.3.232.jar:2.3.232]
	at org.h2.message.DbException.getJdbcSQLException(DbException.java:489) ~[h2-2.3.232.jar:2.3.232]
	at org.h2.message.DbException.get(DbException.java:223) ~[h2-2.3.232.jar:2.3.232]
	at org.h2.message.DbException.get(DbException.java:199) ~[h2-2.3.232.jar:2.3.232]
	at org.h2.command.ddl.CreateIndex.update(CreateIndex.java:70) ~[h2-2.3.232.jar:2.3.232]
	at org.h2.command.CommandContainer.update(CommandContainer.java:139) ~[h2-2.3.232.jar:2.3.232]
	at org.h2.command.Command.executeUpdate(Command.java:304) ~[h2-2.3.232.jar:2.3.232]
	at org.h2.command.Command.executeUpdate(Command.java:248) ~[h2-2.3.232.jar:2.3.232]
	at org.h2.jdbc.JdbcStatement.executeInternal(JdbcStatement.java:262) ~[h2-2.3.232.jar:2.3.232]
	at org.h2.jdbc.JdbcStatement.execute(JdbcStatement.java:231) ~[h2-2.3.232.jar:2.3.232]
	at com.zaxxer.hikari.pool.ProxyStatement.execute(ProxyStatement.java:94) ~[HikariCP-5.1.0.jar:na]
	at com.zaxxer.hikari.pool.HikariProxyStatement.execute(HikariProxyStatement.java) ~[HikariCP-5.1.0.jar:na]
	at org.hibernate.tool.schema.internal.exec.GenerationTargetToDatabase.accept(GenerationTargetToDatabase.java:80) ~[hibernate-core-6.6.5.Final.jar:6.6.5.Final]
	... 119 common frames omitted

2026-02-25T13:50:46.312+08:00  INFO 49876 --- [           main] j.LocalContainerEntityManagerFactoryBean : Initialized JPA EntityManagerFactory for persistence unit 'default'
2026-02-25T13:50:46.608+08:00  INFO 49876 --- [           main] o.s.d.j.r.query.QueryEnhancerFactory     : Hibernate is in classpath; If applicable, HQL parser will be used.
2026-02-25T13:50:46.881+08:00  WARN 49876 --- [           main] JpaBaseConfiguration$JpaWebConfiguration : spring.jpa.open-in-view is enabled by default. Therefore, database queries may be performed during view rendering. Explicitly configure spring.jpa.open-in-view to disable this warning
2026-02-25T13:50:46.908+08:00  INFO 49876 --- [           main] o.s.b.a.w.s.WelcomePageHandlerMapping    : Adding welcome page template: index
2026-02-25T13:50:46.976+08:00 DEBUG 49876 --- [           main] s.w.s.m.m.a.RequestMappingHandlerMapping : 7 mappings in 'requestMappingHandlerMapping'
2026-02-25T13:50:47.118+08:00 DEBUG 49876 --- [           main] o.s.w.s.handler.SimpleUrlHandlerMapping  : Patterns [/webjars/**, /**] in 'resourceHandlerMapping'
2026-02-25T13:50:47.165+08:00 DEBUG 49876 --- [           main] s.w.s.m.m.a.RequestMappingHandlerAdapter : ControllerAdvice beans: 0 @ModelAttribute, 0 @InitBinder, 1 RequestBodyAdvice, 1 ResponseBodyAdvice
2026-02-25T13:50:47.244+08:00 DEBUG 49876 --- [           main] .m.m.a.ExceptionHandlerExceptionResolver : ControllerAdvice beans: 0 @ExceptionHandler, 1 ResponseBodyAdvice
2026-02-25T13:50:47.354+08:00  INFO 49876 --- [           main] c.photoalbum.PhotoAlbumApplicationTests  : Started PhotoAlbumApplicationTests in 4.229 seconds (process running for 5.109)
Mockito is currently self-attaching to enable the inline-mock-maker. This will no longer work in future releases of the JDK. Please add Mockito as an agent to your build what is described in Mockito's documentation: https://javadoc.io/doc/org.mockito/mockito-core/latest/org/mockito/Mockito.html#0.3
Java HotSpot(TM) 64-Bit Server VM warning: Sharing is only supported for boot loader classes because bootstrap classpath has been appended
WARNING: A Java agent has been loaded dynamically (C:\Users\yuwzho\.m2\repository\net\bytebuddy\byte-buddy-agent\1.15.11\byte-buddy-agent-1.15.11.jar)
WARNING: If a serviceability tool is in use, please run with -XX:+EnableDynamicAgentLoading to hide this warning
WARNING: If a serviceability tool is not in use, please run with -Djdk.instrument.traceUsage for more information
WARNING: Dynamic loading of agents will be disallowed by default in a future release
2026-02-25T05:50:47.951Z [INFO] [MavenBuildTool] loading surefire reports.
2026-02-25T05:50:47.957Z [INFO] [MavenBuildTool] summarizing surefire reports.
2026-02-25T05:50:47.957Z [INFO] [MavenBuildTool] Cleaning D:\code\ai\samples\repos\photo-album-java-fork using Maven
2026-02-25T05:50:47.958Z [INFO] [Environment] Running command (Java 21): mvn clean -q -B -fn
2026-02-25T05:50:50.126Z [INFO] Add test changes to summary...
2026-02-25T05:50:50.215Z [INFO] 4	4	pom.xml
1	1	src/main/java/com/photoalbum/controller/DetailController.java
1	1	src/main/java/com/photoalbum/controller/HomeController.java
1	1	src/main/java/com/photoalbum/controller/PhotoFileController.java
5	5	src/main/java/com/photoalbum/model/Photo.java
4	4	src/main/java/com/photoalbum/service/impl/PhotoServiceImpl.java

2026-02-25T05:50:50.224Z [INFO] Add test errors to summary...
2026-02-25T05:50:50.225Z [INFO] getting CVEs for dependencies:
 - org.springframework.boot:spring-boot-starter-web:3.4.2
  - org.springframework.boot:spring-boot-starter-thymeleaf:3.4.2
  - org.springframework.boot:spring-boot-starter-data-jpa:3.4.2
  - com.oracle.database.jdbc:ojdbc8:23.5.0.24.07
  - org.springframework.boot:spring-boot-starter-validation:3.4.2
  - commons-io:commons-io:2.11.0
  - org.springframework.boot:spring-boot-starter-json:3.4.2
  - org.springframework.boot:spring-boot-starter-test:3.4.2
  - com.h2database:h2:2.3.232
  - org.springframework.boot:spring-boot-devtools:3.4.2
  - java:*:21...
2026-02-25T05:50:50.225Z [INFO] getting gitHub access token...
2026-02-25T05:50:50.226Z [ERROR] Failed to get GitHub access token to validate CVEs for the given dependencies.
2026-02-25T05:50:50.226Z [INFO] Processing batch 1/1, size: 11
2026-02-25T05:50:50.227Z [INFO] listing CVEs from GitHub for dependencies [
  "org.springframework.boot:spring-boot-starter-web:3.4.2",
  "org.springframework.boot:spring-boot-starter-thymeleaf:3.4.2",
  "org.springframework.boot:spring-boot-starter-data-jpa:3.4.2",
  "com.oracle.database.jdbc:ojdbc8:23.5.0.24.07",
  "org.springframework.boot:spring-boot-starter-validation:3.4.2",
  "commons-io:commons-io:2.11.0",
  "org.springframework.boot:spring-boot-starter-json:3.4.2",
  "org.springframework.boot:spring-boot-starter-test:3.4.2",
  "com.h2database:h2:2.3.232",
  "org.springframework.boot:spring-boot-devtools:3.4.2",
  "java:*:21"
]
2026-02-25T05:50:50.774Z [INFO] Fetched 1 total advisories across all pages
2026-02-25T05:50:50.775Z [INFO] grouping CVEs and finding max patched version by dep...
2026-02-25T05:50:50.775Z [INFO] done getting 1 CVEs for 11 dependencies
2026-02-25T05:50:50.776Z [INFO] calculating patched version by dep...
2026-02-25T05:50:50.776Z [INFO] CVE CVE-2024-47554 for commons-io:commons-io:2.11.0: patched version 2.14.0
2026-02-25T05:50:50.777Z [INFO] finished getting CVEs for dependencies.
2026-02-25T05:50:50.863Z [INFO] diff --git a/pom.xml b/pom.xml
index 216b79d..147ed68 100644
--- a/pom.xml
+++ b/pom.xml
@@ -8,7 +8,7 @@
     <parent>
         <groupId>org.springframework.boot</groupId>
         <artifactId>spring-boot-starter-parent</artifactId>
-        <version>2.7.18</version>
+        <version>3.4.2</version>
         <relativePath/>
     </parent>
 
@@ -21,9 +21,9 @@
     <description>A simple photo storage and gallery application built with Spring Boot and Oracle DB</description>
 
     <properties>
-        <java.version>1.8</java.version>
-        <maven.compiler.source>8</maven.compiler.source>
-        <maven.compiler.target>8</maven.compiler.target>
+        <java.version>21</java.version>
+        <maven.compiler.source>21</maven.compiler.source>
+        <maven.compiler.target>21</maven.compiler.target>
         <project.build.sourceEncoding>UTF-8</project.build.sourceEncoding>
     </properties>
 
diff --git a/src/main/java/com/photoalbum/controller/DetailController.java b/src/main/java/com/photoalbum/controller/DetailController.java
index d138ef9..1c091ad 100644
--- a/src/main/java/com/photoalbum/controller/DetailController.java
+++ b/src/main/java/com/photoalbum/controller/DetailController.java
@@ -37,7 +37,7 @@ public String detail(@PathVariable String id, Model model) {
 
         try {
             Optional<Photo> photoOpt = photoService.getPhotoById(id);
-            if (!photoOpt.isPresent()) {
+            if (photoOpt.isEmpty()) {
                 return "redirect:/";
             }
 
diff --git a/src/main/java/com/photoalbum/controller/HomeController.java b/src/main/java/com/photoalbum/controller/HomeController.java
index d9905d9..22d5250 100644
--- a/src/main/java/com/photoalbum/controller/HomeController.java
+++ b/src/main/java/com/photoalbum/controller/HomeController.java
@@ -54,7 +54,7 @@ public String index(Model model) {
      */
     @PostMapping("/upload")
     @ResponseBody
-    public ResponseEntity<Map<String, Object>> uploadPhotos(@RequestParam("files") List<MultipartFile> files) {
+    public ResponseEntity<Map<String, Object>> uploadPhotos(@RequestParam List<MultipartFile> files) {
         Map<String, Object> response = new HashMap<String, Object>();
         List<Map<String, Object>> uploadedPhotos = new ArrayList<Map<String, Object>>();
         List<Map<String, Object>> failedUploads = new ArrayList<Map<String, Object>>();
diff --git a/src/main/java/com/photoalbum/controller/PhotoFileController.java b/src/main/java/com/photoalbum/controller/PhotoFileController.java
index 2f31408..6013ab6 100644
--- a/src/main/java/com/photoalbum/controller/PhotoFileController.java
+++ b/src/main/java/com/photoalbum/controller/PhotoFileController.java
@@ -45,7 +45,7 @@ public ResponseEntity<Resource> servePhoto(@PathVariable String id) {
             logger.info("=== DEBUGGING: Serving photo request for ID {} ===", id);
             Optional<Photo> photoOpt = photoService.getPhotoById(id);
 
-            if (!photoOpt.isPresent()) {
+            if (photoOpt.isEmpty()) {
                 logger.warn("Photo with ID {} not found", id);
                 return ResponseEntity.notFound().build();
             }
diff --git a/src/main/java/com/photoalbum/model/Photo.java b/src/main/java/com/photoalbum/model/Photo.java
index d1cea3e..1852ad7 100644
--- a/src/main/java/com/photoalbum/model/Photo.java
+++ b/src/main/java/com/photoalbum/model/Photo.java
@@ -1,10 +1,10 @@
 package com.photoalbum.model;
 
-import javax.persistence.*;
-import javax.validation.constraints.NotBlank;
-import javax.validation.constraints.NotNull;
-import javax.validation.constraints.Positive;
-import javax.validation.constraints.Size;
+import jakarta.persistence.*;
+import jakarta.validation.constraints.NotBlank;
+import jakarta.validation.constraints.NotNull;
+import jakarta.validation.constraints.Positive;
+import jakarta.validation.constraints.Size;
 
 import java.time.LocalDateTime;
 import java.util.UUID;
diff --git a/src/main/java/com/photoalbum/service/impl/PhotoServiceImpl.java b/src/main/java/com/photoalbum/service/impl/PhotoServiceImp
2026-02-25T05:50:50.864Z [INFO] l.java
index fa379a5..9211352 100644
--- a/src/main/java/com/photoalbum/service/impl/PhotoServiceImpl.java
+++ b/src/main/java/com/photoalbum/service/impl/PhotoServiceImpl.java
@@ -91,7 +91,7 @@ public UploadResult uploadPhoto(MultipartFile file) {
             // Validate file size
             if (file.getSize() > maxFileSizeBytes) {
                 result.setSuccess(false);
-                result.setErrorMessage(String.format("File size exceeds %dMB limit.", maxFileSizeBytes / 1024 / 1024));
+                result.setErrorMessage("File size exceeds %dMB limit.".formatted(maxFileSizeBytes / 1024 / 1024));
                 logger.warn("Upload rejected: File size {} exceeds limit for {}", 
                     file.getSize(), file.getOriginalFilename());
                 return result;
@@ -178,7 +178,7 @@ public UploadResult uploadPhoto(MultipartFile file) {
     public boolean deletePhoto(String id) {
         try {
             Optional<Photo> photoOpt = photoRepository.findById(id);
-            if (!photoOpt.isPresent()) {
+            if (photoOpt.isEmpty()) {
                 logger.warn("Photo with ID {} not found for deletion", id);
                 return false;
             }
@@ -203,7 +203,7 @@ public boolean deletePhoto(String id) {
     @Transactional(readOnly = true)
     public Optional<Photo> getPreviousPhoto(Photo currentPhoto) {
         List<Photo> olderPhotos = photoRepository.findPhotosUploadedBefore(currentPhoto.getUploadedAt());
-        return olderPhotos.isEmpty() ? Optional.<Photo>empty() : Optional.of(olderPhotos.get(0));
+        return olderPhotos.isEmpty() ? Optional.<Photo>empty() : Optional.of(olderPhotos.getFirst());
     }
 
     /**
@@ -213,7 +213,7 @@ public Optional<Photo> getPreviousPhoto(Photo currentPhoto) {
     @Transactional(readOnly = true)
     public Optional<Photo> getNextPhoto(Photo currentPhoto) {
         List<Photo> newerPhotos = photoRepository.findPhotosUploadedAfter(currentPhoto.getUploadedAt());
-        return newerPhotos.isEmpty() ? Optional.<Photo>empty() : Optional.of(newerPhotos.get(0));
+        return newerPhotos.isEmpty() ? Optional.<Photo>empty() : Optional.of(newerPhotos.getFirst());
     }
 
     /**

2026-02-25T05:50:50.877Z [INFO] [unknown]: getting broken files...
2026-02-25T05:50:50.878Z [INFO] [unknown]: found 0 broken files.
2026-02-25T05:50:50.878Z [INFO] [unknown]: there are 125 lines.
2026-02-25T05:50:51.404Z [INFO] [unknown]: there are 1476 tokens.
2026-02-25T05:50:51.429Z [INFO] [unknown]: no need to split the diff file.
2026-02-25T05:50:51.430Z [INFO] summarizing behavior changes...
2026-02-25T05:50:51.431Z [INFO] summarizing behavior changes of part 1...
2026-02-25T05:50:51.435Z [INFO] summarized behavior changes of part 1.
2026-02-25T05:50:51.435Z [INFO] summarized behavior changes of all parts.
2026-02-25T05:50:51.436Z [INFO] summarizing behavior changes...
2026-02-25T05:50:51.436Z [INFO] summarizing behavior changes of part 1...
2026-02-25T05:50:51.439Z [INFO] summarized behavior changes of part 1.
2026-02-25T05:50:51.439Z [INFO] summarized behavior changes of all parts.
2026-02-25T05:50:51.440Z [INFO] summarizing behavior changes...
2026-02-25T05:50:51.440Z [INFO] summarizing behavior changes of part 1...
2026-02-25T05:50:51.442Z [INFO] summarized behavior changes of part 1.
2026-02-25T05:50:51.443Z [INFO] summarized behavior changes of all parts.
