2026-02-25T05:21:32.178Z [INFO] [Project photo-album-java-fork]: getting Java version.
2026-02-25T05:21:32.178Z [INFO] [Project photo-album-java-fork]: got Java version: 21
2026-02-25T05:21:32.179Z [INFO] [Project photo-album-java-fork]: getting project state.
2026-02-25T05:21:32.180Z [INFO] [BaseBuildTool] Firing config modified event for mvn, sleeping for 5 seconds
2026-02-25T05:21:32.180Z [INFO] [Environment] Running command (Java 21): mvn --version
Apache Maven 3.9.11 (3e54c93a704957b63ee3494413a2b544fd3d825b)
Maven home: C:\ProgramData\chocolatey\lib\maven\apache-maven-3.9.11
Java version: 21.0.10, vendor: Oracle Corporation, runtime: C:\Program Files\Java\jdk-21.0.10
Default locale: en_US, platform encoding: UTF-8
OS name: "windows 11", version: "10.0", arch: "amd64", family: "windows"
2026-02-25T05:21:32.639Z [INFO] [BaseBuildTool] New version of mvn: 3.9.11 -> 3.9.11
2026-02-25T05:21:32.640Z [INFO] [MavenBuildTool] Getting Java version of D:\code\ai\samples\repos\photo-album-java-fork from pom.xml
2026-02-25T05:21:32.640Z [INFO] [MavenBuildTool] Searching for pom.xml files in D:\code\ai\samples\repos\photo-album-java-fork
2026-02-25T05:21:32.641Z [INFO] [MavenBuildTool] Found pom.xml files: D:\code\ai\samples\repos\photo-album-java-fork\pom.xml
2026-02-25T05:21:32.642Z [INFO] [MavenBuildTool] Java version found in D:\code\ai\samples\repos\photo-album-java-fork\pom.xml: 21
2026-02-25T05:21:32.642Z [INFO] [BaseBuildTool] Notifying Java version/Config change: '21' || '21'
2026-02-25T05:21:32.645Z [INFO] [Project photo-album-java-fork]: getting Java version.
2026-02-25T05:21:32.645Z [INFO] [Project photo-album-java-fork]: got Java version: 21
2026-02-25T05:21:32.645Z [INFO] [Project photo-album-java-fork]: getting dependencies promise.
2026-02-25T05:21:32.646Z [INFO] [Project photo-album-java-fork]: reset dependencies promise.
2026-02-25T05:21:32.646Z [INFO] [Environment] Running command (Java 21): mvn dependency:tree -B
[INFO] Scanning for projects...
[INFO] 
[INFO] ---------------------< com.photoalbum:photo-album >---------------------
[INFO] Building Photo Album 1.0.0
[INFO]   from pom.xml
[INFO] --------------------------------[ jar ]---------------------------------
[WARNING] 1 problem was encountered while building the effective model for org.javassist:javassist:jar:3.20.0-GA during dependency collection step for project (use -X to see details)
[INFO] 
[INFO] --- dependency:3.3.0:tree (default-cli) @ photo-album ---
[INFO] com.photoalbum:photo-album:jar:1.0.0
[INFO] +- org.springframework.boot:spring-boot-starter-web:jar:2.7.18:compile
[INFO] |  +- org.springframework.boot:spring-boot-starter:jar:2.7.18:compile
[INFO] |  |  +- org.springframework.boot:spring-boot-starter-logging:jar:2.7.18:compile
[INFO] |  |  |  +- ch.qos.logback:logback-classic:jar:1.2.12:compile
[INFO] |  |  |  |  \- ch.qos.logback:logback-core:jar:1.2.12:compile
[INFO] |  |  |  +- org.apache.logging.log4j:log4j-to-slf4j:jar:2.17.2:compile
[INFO] |  |  |  |  \- org.apache.logging.log4j:log4j-api:jar:2.17.2:compile
[INFO] |  |  |  \- org.slf4j:jul-to-slf4j:jar:1.7.36:compile
[INFO] |  |  +- jakarta.annotation:jakarta.annotation-api:jar:1.3.5:compile
[INFO] |  |  \- org.yaml:snakeyaml:jar:1.30:compile
[INFO] |  +- org.springframework.boot:spring-boot-starter-tomcat:jar:2.7.18:compile
[INFO] |  |  +- org.apache.tomcat.embed:tomcat-embed-core:jar:9.0.83:compile
[INFO] |  |  \- org.apache.tomcat.embed:tomcat-embed-websocket:jar:9.0.83:compile
[INFO] |  +- org.springframework:spring-web:jar:5.3.31:compile
[INFO] |  |  \- org.springframework:spring-beans:jar:5.3.31:compile
[INFO] |  \- org.springframework:spring-webmvc:jar:5.3.31:compile
[INFO] |     +- org.springframework:spring-aop:jar:5.3.31:compile
[INFO] |     +- org.springframework:spring-context:jar:5.3.31:compile
[INFO] |     \- org.springframework:spring-expression:jar:5.3.31:compile
[INFO] +- org.springframework.boot:spring-boot-starter-thymeleaf:jar:2.7.18:compile
[INFO] |  +- org.thymeleaf:thymeleaf-spring5:jar:3.0.15.RELEASE:compile
[INFO] |  |  +- org.thymeleaf:thymeleaf:jar:3.0.15.RELEASE:compile
[INFO] |  |  |  +- org.attoparser:attoparser:jar:2.0.5.RELEASE:compile
[INFO] |  |  |  \- org.unbescape:unbescape:jar:1.1.6.RELEASE:compile
[INFO] |  |  \- org.slf4j:slf4j-api:jar:1.7.36:compile
[INFO] |  \- org.thymeleaf.extras:thymeleaf-extras-java8time:jar:3.0.4.RELEASE:compile
[INFO] +- org.springframework.boot:spring-boot-starter-data-jpa:jar:2.7.18:compile
[INFO] |  +- org.springframework.boot:spring-boot-starter-aop:jar:2.7.18:compile
[INFO] |  |  \- org.aspectj:aspectjweaver:jar:1.9.7:compile
[INFO] |  +- org.springframework.boot:spring-boot-starter-jdbc:jar:2.7.18:compile
[INFO] |  |  +- com.zaxxer:HikariCP:jar:4.0.3:compile
[INFO] |  |  \- org.springframework:spring-jdbc:jar:5.3.31:compile
[INFO] |  +- jakarta.transaction:jakarta.transaction-api:jar:1.3.3:compile
[INFO] |  +- jakarta.persistence:jakarta.persistence-api:jar:2.2.3:compile
[INFO] |  +- org.hibernate:hibernate-core:jar:5.6.15.Final:compile
[INFO] |  |  +- org.jboss.logging:jboss-logging:jar:3.4.3.Final:compile
[INFO] |  |  +- net.bytebuddy:byte-buddy:jar:1.12.23:compile
[INFO] |  |  +- antlr:antlr:jar:2.7.7:compile
[INFO] |  |  +- org.jboss:jandex:jar:2.4.2.Final:compile
[INFO] |  |  +- com.fasterxml:classmate:jar:1.5.1:compile
[INFO] |  |  +- org.hibernate.common:hibernate-commons-annotations:jar:5.1.2.Final:compile
[INFO] |  |  \- org.glassfish.jaxb:jaxb-runtime:jar:2.3.9:compile
[INFO] |  |     +- org.glassfish.jaxb:txw2:jar:2.3.9:compile
[INFO] |  |     +- com.sun.istack:istack-commons-runtime:jar:3.0.12:compile
[INFO] |  |     \- com.sun.activation:jakarta.activation:jar:1.2.2:runtime
[INFO] |  +- org.springframework.data:spring-data-jpa:jar:2.7.18:compile
[INFO] |  |  +- org.springframework.data:spring-data-commons:jar:2.7.18:compile
[INFO] |  |  +- org.springframework:spring-orm:jar:5.3.31:compile
[INFO] |  |  \- org.springframework:spring-tx:jar:5.3.31:compile
[INFO] |  \- org.springframework:spring-aspects:jar:5.3.31:compile
[INFO] +- com.oracle.database.jdbc:ojdbc8:jar:21.5.0.0:runtime
[INFO] +- org.springframework.boot:spring-boot-starter-validation:jar:2.7.18:compile
[INFO] |  +- org.apache.tomcat.embed:tomcat-embed-el:jar:9.0.83:compile
[INFO] |  \- org.hibernate.validator:hibernate-validator:jar:6.2.5.Final:compile
[INFO] |     \- jakarta.validation:jakarta.validation-api:jar:2.0.2:compile
[INFO] +- commons-io:commons-io:jar:2.11.0:compile
[INFO] +- org.springframework.boot:spring-boot-starter-json:jar:2.7.18:compile
[INFO] |  +- com.fasterxml.jackson.core:jackson-databind:jar:2.13.5:compile
[INFO] |  |  +- com.fasterxml.jackson.core:jackson-annotations:jar:2.13.5:compile
[INFO] |  |  \- com.fasterxml.jackson.core:jackson-core:jar:2.13.5:compile
[INFO] |  +- com.fasterxml.jackson.datatype:jackson-datatype-jdk8:jar:2.13.5:compile
[INFO] |  +- com.fasterxml.jackson.datatype:jackson-datatype-jsr310:jar:2.13.5:compile
[INFO] |  \- com.fasterxml.jackson.module:jackson-module-parameter-names:jar:2.13.5:compile
[INFO] +- org.springframework.boot:spring-boot-starter-test:jar:2.7.18:test
[INFO] |  +- org.springframework.boot:spring-boot-test:jar:2.7.18:test
[INFO] |  +- org.springframework.boot:spring-boot-test-autoconfigure:jar:2.7.18:test
[INFO] |  +- com.jayway.jsonpath:json-path:jar:2.7.0:test
[INFO] |  |  \- net.minidev:json-smart:jar:2.4.11:test
[INFO] |  |     \- net.minidev:accessors-smart:jar:2.4.11:test
[INFO] |  |        \- org.ow2.asm:asm:jar:9.3:test
[INFO] |  +- jakarta.xml.bind:jakarta.xml.bind-api:jar:2.3.3:compile
[INFO] |  |  \- jakarta.activation:jakarta.activation-api:jar:1.2.2:compile
[INFO] |  +- org.assertj:assertj-core:jar:3.22.0:test
[INFO] |  +- org.hamcrest:hamcrest:jar:2.2:test
[INFO] |  +- org.junit.jupiter:junit-jupiter:jar:5.8.2:test
[INFO] |  |  +- org.junit.jupiter:junit-jupiter-api:jar:5.8.2:test
[INFO] |  |  |  +- org.opentest4j:opentest4j:jar:1.2.0:test
[INFO] |  |  |  +- org.junit.platform:junit-platform-commons:jar:1.8.2:test
[INFO] |  |  |  \- org.apiguardian:apiguardian-api:jar:1.1.2:test
[INFO] |  |  +- org.junit.jupiter:junit-jupiter-params:jar:5.8.2:test
[INFO] |  |  \- org.junit.jupiter:junit-jupiter-engine:jar:5.8.2:test
[INFO] |  |     \- org.junit.platform:junit-platform-engine:jar:1.8.2:test
[INFO] |  +- org.mockito:mockito-core:jar:4.5.1:test
[INFO] |  |  +- net.bytebuddy:byte-buddy-agent:jar:1.12.23:test
[INFO] |  |  \- org.objenesis:objenesis:jar:3.2:test
[INFO] |  +- org.mockito:mockito-junit-jupiter:jar:4.5.1:test
[INFO] |  +- org.skyscreamer:jsonassert:jar:1.5.1:test
[INFO] |  |  \- com.vaadin.external.google:android-json:jar:0.0.20131108.vaadin1:test
[INFO] |  +- org.springframework:spring-core:jar:5.3.31:compile
[INFO] |  |  \- org.springframework:spring-jcl:jar:5.3.31:compile
[INFO] |  +- org.springframework:spring-test:jar:5.3.31:test
[INFO] |  \- org.xmlunit:xmlunit-core:jar:2.9.1:test
[INFO] +- com.h2database:h2:jar:2.1.214:test
[INFO] \- org.springframework.boot:spring-boot-devtools:jar:2.7.18:compile
[INFO]    +- org.springframework.boot:spring-boot:jar:2.7.18:compile
[INFO]    \- org.springframework.boot:spring-boot-autoconfigure:jar:2.7.18:compile
[INFO] ------------------------------------------------------------------------
[INFO] BUILD SUCCESS
[INFO] ------------------------------------------------------------------------
[INFO] Total time:  2.401 s
[INFO] Finished at: 2026-02-25T13:21:36+08:00
[INFO] ------------------------------------------------------------------------
2026-02-25T05:21:36.661Z [INFO] [MavenBuildTool] Successfully got dependency tree of D:\code\ai\samples\repos\photo-album-java-fork
2026-02-25T05:21:36.662Z [INFO] [MavenBuildTool] Getting Java version of D:\code\ai\samples\repos\photo-album-java-fork from pom.xml
2026-02-25T05:21:36.662Z [INFO] [MavenBuildTool] Searching for pom.xml files in D:\code\ai\samples\repos\photo-album-java-fork
2026-02-25T05:21:36.663Z [INFO] [MavenBuildTool] Found pom.xml files: D:\code\ai\samples\repos\photo-album-java-fork\pom.xml
2026-02-25T05:21:36.664Z [INFO] [MavenBuildTool] Java version found in D:\code\ai\samples\repos\photo-album-java-fork\pom.xml: 21
2026-02-25T05:21:36.664Z [INFO] [MavenBuildTool] Getting build errors of D:\code\ai\samples\repos\photo-album-java-fork using Maven
2026-02-25T05:21:36.665Z [INFO] [Environment] Running command (Java 21): mvn clean test-compile -q -B -fn
2026-02-25T05:21:42.404Z [INFO] [MavenBuildTool] parsing compilation errors.
2026-02-25T05:21:42.405Z [INFO] [BaseBuildTool] Found 1 modules: .
2026-02-25T05:21:42.412Z [INFO] [BaseBuildTool] Finish counting Java and class files
2026-02-25T05:21:42.413Z [INFO] [MavenBuildTool] Cleaning D:\code\ai\samples\repos\photo-album-java-fork using Maven
2026-02-25T05:21:42.413Z [INFO] [Environment] Running command (Java 21): mvn clean -q -B -fn
2026-02-25T05:21:44.662Z [INFO] [MavenBuildTool] Running test cases of D:\code\ai\samples\repos\photo-album-java-fork using Maven
2026-02-25T05:21:44.663Z [INFO] [Environment] Running command (Java 21): mvn clean test -q -B -fn
13:21:51.064 [main] DEBUG org.springframework.test.context.BootstrapUtils - Instantiating CacheAwareContextLoaderDelegate from class [org.springframework.test.context.cache.DefaultCacheAwareContextLoaderDelegate]
13:21:51.071 [main] DEBUG org.springframework.test.context.BootstrapUtils - Instantiating BootstrapContext using constructor [public org.springframework.test.context.support.DefaultBootstrapContext(java.lang.Class,org.springframework.test.context.CacheAwareContextLoaderDelegate)]
13:21:51.098 [main] DEBUG org.springframework.test.context.BootstrapUtils - Instantiating TestContextBootstrapper for test class [com.photoalbum.PhotoAlbumApplicationTests] from class [org.springframework.boot.test.context.SpringBootTestContextBootstrapper]
13:21:51.106 [main] INFO org.springframework.boot.test.context.SpringBootTestContextBootstrapper - Neither @ContextConfiguration nor @ContextHierarchy found for test class [com.photoalbum.PhotoAlbumApplicationTests], using SpringBootContextLoader
13:21:51.108 [main] DEBUG org.springframework.test.context.support.AbstractContextLoader - Did not detect default resource location for test class [com.photoalbum.PhotoAlbumApplicationTests]: class path resource [com/photoalbum/PhotoAlbumApplicationTests-context.xml] does not exist
13:21:51.108 [main] DEBUG org.springframework.test.context.support.AbstractContextLoader - Did not detect default resource location for test class [com.photoalbum.PhotoAlbumApplicationTests]: class path resource [com/photoalbum/PhotoAlbumApplicationTestsContext.groovy] does not exist
13:21:51.108 [main] INFO org.springframework.test.context.support.AbstractContextLoader - Could not detect default resource locations for test class [com.photoalbum.PhotoAlbumApplicationTests]: no resource found for suffixes {-context.xml, Context.groovy}.
13:21:51.109 [main] INFO org.springframework.test.context.support.AnnotationConfigContextLoaderUtils - Could not detect default configuration classes for test class [com.photoalbum.PhotoAlbumApplicationTests]: PhotoAlbumApplicationTests does not declare any static, non-private, non-final, nested classes annotated with @Configuration.
13:21:51.180 [main] DEBUG org.springframework.context.annotation.ClassPathScanningCandidateComponentProvider - Identified candidate component class: file [D:\code\ai\samples\repos\photo-album-java-fork\target\classes\com\photoalbum\PhotoAlbumApplication.class]
13:21:51.181 [main] INFO org.springframework.boot.test.context.SpringBootTestContextBootstrapper - Found @SpringBootConfiguration com.photoalbum.PhotoAlbumApplication for test class com.photoalbum.PhotoAlbumApplicationTests
13:21:51.252 [main] DEBUG org.springframework.boot.test.context.SpringBootTestContextBootstrapper - @TestExecutionListeners is not present for class [com.photoalbum.PhotoAlbumApplicationTests]: using defaults.
13:21:51.252 [main] INFO org.springframework.boot.test.context.SpringBootTestContextBootstrapper - Loaded default TestExecutionListener class names from location [META-INF/spring.factories]: [org.springframework.boot.test.mock.mockito.MockitoTestExecutionListener, org.springframework.boot.test.mock.mockito.ResetMocksTestExecutionListener, org.springframework.boot.test.autoconfigure.restdocs.RestDocsTestExecutionListener, org.springframework.boot.test.autoconfigure.web.client.MockRestServiceServerResetTestExecutionListener, org.springframework.boot.test.autoconfigure.web.servlet.MockMvcPrintOnlyOnFailureTestExecutionListener, org.springframework.boot.test.autoconfigure.web.servlet.WebDriverTestExecutionListener, org.springframework.boot.test.autoconfigure.webservices.client.MockWebServiceServerTestExecutionListener, org.springframework.test.context.web.ServletTestExecutionListener, org.springframework.test.context.support.DirtiesContextBeforeModesTestExecutionListener, org.springframework.test.context.event.ApplicationEventsTestExecutionListener, org.springframework.test.context.support.DependencyInjectionTestExecutionListener, org.springframework.test.context.support.DirtiesContextTestExecutionListener, org.springframework.test.context.transaction.TransactionalTestExecutionListener, org.springframework.test.context.jdbc.SqlScriptsTestExecutionListener, org.springframework.test.context.event.EventPublishingTestExecutionListener]
13:21:51.263 [main] INFO org.springframework.boot.test.context.SpringBootTestContextBootstrapper - Using TestExecutionListeners: [org.springframework.test.context.web.ServletTestExecutionListener@4f3bbf68, org.springframework.test.context.support.DirtiesContextBeforeModesTestExecutionListener@5be46f9d, org.springframework.test.context.event.ApplicationEventsTestExecutionListener@3f91b517, org.springframework.boot.test.mock.mockito.MockitoTestExecutionListener@68702e03, org.springframework.boot.test.autoconfigure.SpringBootDependencyInjectionTestExecutionListener@7a220c9a, org.springframework.test.context.support.DirtiesContextTestExecutionListener@2421cc4, org.springframework.test.context.transaction.TransactionalTestExecutionListener@30c93896, org.springframework.test.context.jdbc.SqlScriptsTestExecutionListener@59a008ba, org.springframework.test.context.event.EventPublishingTestExecutionListener@338c99c8, org.springframework.boot.test.mock.mockito.ResetMocksTestExecutionListener@21ba0741, org.springframework.boot.test.autoconfigure.restdocs.RestDocsTestExecutionListener@58ce9668, org.springframework.boot.test.autoconfigure.web.client.MockRestServiceServerResetTestExecutionListener@172b013, org.springframework.boot.test.autoconfigure.web.servlet.MockMvcPrintOnlyOnFailureTestExecutionListener@56673b2c, org.springframework.boot.test.autoconfigure.web.servlet.WebDriverTestExecutionListener@2796aeae, org.springframework.boot.test.autoconfigure.webservices.client.MockWebServiceServerTestExecutionListener@b4711e2]
13:21:51.265 [main] DEBUG org.springframework.test.context.support.AbstractDirtiesContextTestExecutionListener - Before test class: context [DefaultTestContext@3d9c13b5 testClass = PhotoAlbumApplicationTests, testInstance = [null], testMethod = [null], testException = [null], mergedContextConfiguration = [WebMergedContextConfiguration@492691d7 testClass = PhotoAlbumApplicationTests, locations = '{}', classes = '{class com.photoalbum.PhotoAlbumApplication}', contextInitializerClasses = '[]', activeProfiles = '{test}', propertySourceLocations = '{}', propertySourceProperties = '{org.springframework.boot.test.context.SpringBootTestContextBootstrapper=true}', contextCustomizers = set[org.springframework.boot.test.context.filter.ExcludeFilterContextCustomizer@10d307f1, org.springframework.boot.test.json.DuplicateJsonObjectContextCustomizerFactory$DuplicateJsonObjectContextCustomizer@5403f35f, org.springframework.boot.test.mock.mockito.MockitoContextCustomizer@0, org.springframework.boot.test.web.client.TestRestTemplateContextCustomizer@383bfa16, org.springframework.boot.test.autoconfigure.actuate.metrics.MetricsExportContextCustomizerFactory$DisableMetricExportContextCustomizer@f736069, org.springframework.boot.test.autoconfigure.properties.PropertyMappingContextCustomizer@0, org.springframework.boot.test.autoconfigure.web.servlet.WebDriverContextCustomizerFactory$Customizer@25fb8912, org.springframework.boot.test.context.SpringBootTestArgs@1, org.springframework.boot.test.context.SpringBootTestWebEnvironment@5f3a4b84], resourceBasePath = 'src/main/webapp', contextLoader = 'org.springframework.boot.test.context.SpringBootContextLoader', parent = [null]], attributes = map['org.springframework.test.context.web.ServletTestExecutionListener.activateListener' -> true]], class annotated with @DirtiesContext [false] with mode [null].
13:21:51.302 [main] INFO org.springframework.boot.devtools.restart.RestartApplicationListener - Restart disabled due to context in which it is running

  .   ____          _            __ _ _
 /\\ / ___'_ __ _ _(_)_ __  __ _ \ \ \ \
( ( )\___ | '_ | '_| | '_ \/ _` | \ \ \ \
 \\/  ___)| |_)| | | | | || (_| |  ) ) ) )
  '  |____| .__|_| |_|_| |_\__, | / / / /
 =========|_|==============|___/=/_/_/_/
 :: Spring Boot ::               (v2.7.18)

2026-02-25 13:21:51.529  INFO 39784 --- [           main] c.photoalbum.PhotoAlbumApplicationTests  : Starting PhotoAlbumApplicationTests using Java 21.0.10 on DESKTOP-3VGR167 with PID 39784 (started by yuwzho in D:\code\ai\samples\repos\photo-album-java-fork)
2026-02-25 13:21:51.530 DEBUG 39784 --- [           main] c.photoalbum.PhotoAlbumApplicationTests  : Running with Spring Boot v2.7.18, Spring v5.3.31
2026-02-25 13:21:51.530  INFO 39784 --- [           main] c.photoalbum.PhotoAlbumApplicationTests  : The following 1 profile is active: "test"
2026-02-25 13:21:51.557 DEBUG 39784 --- [           main] o.s.w.c.s.GenericWebApplicationContext   : Refreshing org.springframework.web.context.support.GenericWebApplicationContext@27a5328c
2026-02-25 13:21:52.102  INFO 39784 --- [           main] .s.d.r.c.RepositoryConfigurationDelegate : Bootstrapping Spring Data JPA repositories in DEFAULT mode.
2026-02-25 13:21:52.152  INFO 39784 --- [           main] .s.d.r.c.RepositoryConfigurationDelegate : Finished Spring Data repository scanning in 42 ms. Found 1 JPA repository interfaces.
2026-02-25 13:21:52.628  INFO 39784 --- [           main] o.hibernate.jpa.internal.util.LogHelper  : HHH000204: Processing PersistenceUnitInfo [name: default]
2026-02-25 13:21:52.664  INFO 39784 --- [           main] org.hibernate.Version                    : HHH000412: Hibernate ORM core version 5.6.15.Final
2026-02-25 13:21:52.815  INFO 39784 --- [           main] o.hibernate.annotations.common.Version   : HCANN000001: Hibernate Commons Annotations {5.1.2.Final}
2026-02-25 13:21:52.950  INFO 39784 --- [           main] com.zaxxer.hikari.HikariDataSource       : HikariPool-1 - Starting...
2026-02-25 13:21:53.218  INFO 39784 --- [           main] com.zaxxer.hikari.HikariDataSource       : HikariPool-1 - Start completed.
2026-02-25 13:21:53.230  INFO 39784 --- [           main] org.hibernate.dialect.Dialect            : HHH000400: Using dialect: org.hibernate.dialect.H2Dialect
2026-02-25 13:21:53.682  WARN 39784 --- [           main] o.h.t.s.i.ExceptionHandlerLoggedImpl     : GenerationTarget encountered exception accepting command : Error executing DDL "
    create table photos (
       id varchar(36) not null,
        file_path varchar(500),
        file_size NUMBER(19,0) not null,
        height integer,
        mime_type varchar(50) not null,
        original_file_name varchar(255) not null,
        photo_data blob,
        stored_file_name varchar(255) not null,
        uploaded_at TIMESTAMP DEFAULT SYSTIMESTAMP not null,
        width integer,
        primary key (id)
    )" via JDBC Statement

org.hibernate.tool.schema.spi.CommandAcceptanceException: Error executing DDL "
    create table photos (
       id varchar(36) not null,
        file_path varchar(500),
        file_size NUMBER(19,0) not null,
        height integer,
        mime_type varchar(50) not null,
        original_file_name varchar(255) not null,
        photo_data blob,
        stored_file_name varchar(255) not null,
        uploaded_at TIMESTAMP DEFAULT SYSTIMESTAMP not null,
        width integer,
        primary key (id)
    )" via JDBC Statement
	at org.hibernate.tool.schema.internal.exec.GenerationTargetToDatabase.accept(GenerationTargetToDatabase.java:67) ~[hibernate-core-5.6.15.Final.jar:5.6.15.Final]
	at org.hibernate.tool.schema.internal.SchemaCreatorImpl.applySqlString(SchemaCreatorImpl.java:458) ~[hibernate-core-5.6.15.Final.jar:5.6.15.Final]
	at org.hibernate.tool.schema.internal.SchemaCreatorImpl.applySqlStrings(SchemaCreatorImpl.java:442) ~[hibernate-core-5.6.15.Final.jar:5.6.15.Final]
	at org.hibernate.tool.schema.internal.SchemaCreatorImpl.createFromMetadata(SchemaCreatorImpl.java:325) ~[hibernate-core-5.6.15.Final.jar:5.6.15.Final]
	at org.hibernate.tool.schema.internal.SchemaCreatorImpl.performCreation(SchemaCreatorImpl.java:169) ~[hibernate-core-5.6.15.Final.jar:5.6.15.Final]
	at org.hibernate.tool.schema.internal.SchemaCreatorImpl.doCreation(SchemaCreatorImpl.java:138) ~[hibernate-core-5.6.15.Final.jar:5.6.15.Final]
	at org.hibernate.tool.schema.internal.SchemaCreatorImpl.doCreation(SchemaCreatorImpl.java:124) ~[hibernate-core-5.6.15.Final.jar:5.6.15.Final]
	at org.hibernate.tool.schema.spi.SchemaManagementToolCoordinator.performDatabaseAction(SchemaManagementToolCoordinator.java:168) ~[hibernate-core-5.6.15.Final.jar:5.6.15.Final]
	at org.hibernate.tool.schema.spi.SchemaManagementToolCoordinator.process(SchemaManagementToolCoordinator.java:85) ~[hibernate-core-5.6.15.Final.jar:5.6.15.Final]
	at org.hibernate.internal.SessionFactoryImpl.<init>(SessionFactoryImpl.java:335) ~[hibernate-core-5.6.15.Final.jar:5.6.15.Final]
	at org.hibernate.boot.internal.SessionFactoryBuilderImpl.build(SessionFactoryBuilderImpl.java:471) ~[hibernate-core-5.6.15.Final.jar:5.6.15.Final]
	at org.hibernate.jpa.boot.internal.EntityManagerFactoryBuilderImpl.build(EntityManagerFactoryBuilderImpl.java:1498) ~[hibernate-core-5.6.15.Final.jar:5.6.15.Final]
	at org.springframework.orm.jpa.vendor.SpringHibernateJpaPersistenceProvider.createContainerEntityManagerFactory(SpringHibernateJpaPersistenceProvider.java:58) ~[spring-orm-5.3.31.jar:5.3.31]
	at org.springframework.orm.jpa.LocalContainerEntityManagerFactoryBean.createNativeEntityManagerFactory(LocalContainerEntityManagerFactoryBean.java:365) ~[spring-orm-5.3.31.jar:5.3.31]
	at org.springframework.orm.jpa.AbstractEntityManagerFactoryBean.buildNativeEntityManagerFactory(AbstractEntityManagerFactoryBean.java:409) ~[spring-orm-5.3.31.jar:5.3.31]
	at org.springframework.orm.jpa.AbstractEntityManagerFactoryBean.afterPropertiesSet(AbstractEntityManagerFactoryBean.java:396) ~[spring-orm-5.3.31.jar:5.3.31]
	at org.springframework.orm.jpa.LocalContainerEntityManagerFactoryBean.afterPropertiesSet(LocalContainerEntityManagerFactoryBean.java:341) ~[spring-orm-5.3.31.jar:5.3.31]
	at org.springframework.beans.factory.support.AbstractAutowireCapableBeanFactory.invokeInitMethods(AbstractAutowireCapableBeanFactory.java:1863) ~[spring-beans-5.3.31.jar:5.3.31]
	at org.springframework.beans.factory.support.AbstractAutowireCapableBeanFactory.initializeBean(AbstractAutowireCapableBeanFactory.java:1800) ~[spring-beans-5.3.31.jar:5.3.31]
	at org.springframework.beans.factory.support.AbstractAutowireCapableBeanFactory.doCreateBean(AbstractAutowireCapableBeanFactory.java:620) ~[spring-beans-5.3.31.jar:5.3.31]
	at org.springframework.beans.factory.support.AbstractAutowireCapableBeanFactory.createBean(AbstractAutowireCapableBeanFactory.java:542) ~[spring-beans-5.3.31.jar:5.3.31]
	at org.springframework.beans.factory.support.AbstractBeanFactory.lambda$doGetBean$0(AbstractBeanFactory.java:335) ~[spring-beans-5.3.31.jar:5.3.31]
	at org.springframework.beans.factory.support.DefaultSingletonBeanRegistry.getSingleton(DefaultSingletonBeanRegistry.java:234) ~[spring-beans-5.3.31.jar:5.3.31]
	at org.springframework.beans.factory.support.AbstractBeanFactory.doGetBean(AbstractBeanFactory.java:333) ~[spring-beans-5.3.31.jar:5.3.31]
	at org.springframework.beans.factory.support.AbstractBeanFactory.getBean(AbstractBeanFactory.java:208) ~[spring-beans-5.3.31.jar:5.3.31]
	at org.springframework.context.support.AbstractApplicationContext.getBean(AbstractApplicationContext.java:1168) ~[spring-context-5.3.31.jar:5.3.31]
	at org.springframework.context.support.AbstractApplicationContext.finishBeanFactoryInitialization(AbstractApplicationContext.java:919) ~[spring-context-5.3.31.jar:5.3.31]
	at org.springframework.context.support.AbstractApplicationContext.refresh(AbstractApplicationContext.java:591) ~[spring-context-5.3.31.jar:5.3.31]
	at org.springframework.boot.SpringApplication.refresh(SpringApplication.java:732) ~[spring-boot-2.7.18.jar:2.7.18]
	at org.springframework.boot.SpringApplication.refreshContext(SpringApplication.java:409) ~[spring-boot-2.7.18.jar:2.7.18]
	at org.springframework.boot.SpringApplication.run(SpringApplication.java:308) ~[spring-boot-2.7.18.jar:2.7.18]
	at org.springframework.boot.test.context.SpringBootContextLoader.loadContext(SpringBootContextLoader.java:136) ~[spring-boot-test-2.7.18.jar:2.7.18]
	at org.springframework.test.context.cache.DefaultCacheAwareContextLoaderDelegate.loadContextInternal(DefaultCacheAwareContextLoaderDelegate.java:141) ~[spring-test-5.3.31.jar:5.3.31]
	at org.springframework.test.context.cache.DefaultCacheAwareContextLoaderDelegate.loadContext(DefaultCacheAwareContextLoaderDelegate.java:90) ~[spring-test-5.3.31.jar:5.3.31]
	at org.springframework.test.context.support.DefaultTestContext.getApplicationContext(DefaultTestContext.java:124) ~[spring-test-5.3.31.jar:5.3.31]
	at org.springframework.test.context.web.ServletTestExecutionListener.setUpRequestContextIfNecessary(ServletTestExecutionListener.java:190) ~[spring-test-5.3.31.jar:5.3.31]
	at org.springframework.test.context.web.ServletTestExecutionListener.prepareTestInstance(ServletTestExecutionListener.java:132) ~[spring-test-5.3.31.jar:5.3.31]
	at org.springframework.test.context.TestContextManager.prepareTestInstance(TestContextManager.java:248) ~[spring-test-5.3.31.jar:5.3.31]
	at org.springframework.test.context.junit.jupiter.SpringExtension.postProcessTestInstance(SpringExtension.java:138) ~[spring-test-5.3.31.jar:5.3.31]
	at org.junit.jupiter.engine.descriptor.ClassBasedTestDescriptor.lambda$invokeTestInstancePostProcessors$8(ClassBasedTestDescriptor.java:363) ~[junit-jupiter-engine-5.8.2.jar:5.8.2]
	at org.junit.jupiter.engine.descriptor.ClassBasedTestDescriptor.executeAndMaskThrowable(ClassBasedTestDescriptor.java:368) ~[junit-jupiter-engine-5.8.2.jar:5.8.2]
	at org.junit.jupiter.engine.descriptor.ClassBasedTestDescriptor.lambda$invokeTestInstancePostProcessors$9(ClassBasedTestDescriptor.java:363) ~[junit-jupiter-engine-5.8.2.jar:5.8.2]
	at java.base/java.util.stream.ReferencePipeline$3$1.accept(ReferencePipeline.java:197) ~[na:na]
	at java.base/java.util.stream.ReferencePipeline$2$1.accept(ReferencePipeline.java:179) ~[na:na]
	at java.base/java.util.ArrayList$ArrayListSpliterator.forEachRemaining(ArrayList.java:1708) ~[na:na]
	at java.base/java.util.stream.AbstractPipeline.copyInto(AbstractPipeline.java:509) ~[na:na]
	at java.base/java.util.stream.AbstractPipeline.wrapAndCopyInto(AbstractPipeline.java:499) ~[na:na]
	at java.base/java.util.stream.StreamSpliterators$WrappingSpliterator.forEachRemaining(StreamSpliterators.java:310) ~[na:na]
	at java.base/java.util.stream.Streams$ConcatSpliterator.forEachRemaining(Streams.java:735) ~[na:na]
	at java.base/java.util.stream.Streams$ConcatSpliterator.forEachRemaining(Streams.java:734) ~[na:na]
	at java.base/java.util.stream.ReferencePipeline$Head.forEach(ReferencePipeline.java:762) ~[na:na]
	at org.junit.jupiter.engine.descriptor.ClassBasedTestDescriptor.invokeTestInstancePostProcessors(ClassBasedTestDescriptor.java:362) ~[junit-jupiter-engine-5.8.2.jar:5.8.2]
	at org.junit.jupiter.engine.descriptor.ClassBasedTestDescriptor.lambda$instantiateAndPostProcessTestInstance$6(ClassBasedTestDescriptor.java:283) ~[junit-jupiter-engine-5.8.2.jar:5.8.2]
	at org.junit.platform.engine.support.hierarchical.ThrowableCollector.execute(ThrowableCollector.java:73) ~[junit-platform-engine-1.8.2.jar:1.8.2]
	at org.junit.jupiter.engine.descriptor.ClassBasedTestDescriptor.instantiateAndPostProcessTestInstance(ClassBasedTestDescriptor.java:282) ~[junit-jupiter-engine-5.8.2.jar:5.8.2]
	at org.junit.jupiter.engine.descriptor.ClassBasedTestDescriptor.lambda$testInstancesProvider$4(ClassBasedTestDescriptor.java:272) ~[junit-jupiter-engine-5.8.2.jar:5.8.2]
	at java.base/java.util.Optional.orElseGet(Optional.java:364) ~[na:na]
	at org.junit.jupiter.engine.descriptor.ClassBasedTestDescriptor.lambda$testInstancesProvider$5(ClassBasedTestDescriptor.java:271) ~[junit-jupiter-engine-5.8.2.jar:5.8.2]
	at org.junit.jupiter.engine.execution.TestInstancesProvider.getTestInstances(TestInstancesProvider.java:31) ~[junit-jupiter-engine-5.8.2.jar:5.8.2]
	at org.junit.jupiter.engine.descriptor.TestMethodTestDescriptor.lambda$prepare$0(TestMethodTestDescriptor.java:102) ~[junit-jupiter-engine-5.8.2.jar:5.8.2]
	at org.junit.platform.engine.support.hierarchical.ThrowableCollector.execute(ThrowableCollector.java:73) ~[junit-platform-engine-1.8.2.jar:1.8.2]
	at org.junit.jupiter.engine.descriptor.TestMethodTestDescriptor.prepare(TestMethodTestDescriptor.java:101) ~[junit-jupiter-engine-5.8.2.jar:5.8.2]
	at org.junit.jupiter.engine.descriptor.TestMethodTestDescriptor.prepare(TestMethodTestDescriptor.java:66) ~[junit-jupiter-engine-5.8.2.jar:5.8.2]
	at org.junit.platform.engine.support.hierarchical.NodeTestTask.lambda$prepare$2(NodeTestTask.java:123) ~[junit-platform-engine-1.8.2.jar:1.8.2]
	at org.junit.platform.engine.support.hierarchical.ThrowableCollector.execute(ThrowableCollector.java:73) ~[junit-platform-engine-1.8.2.jar:1.8.2]
	at org.junit.platform.engine.support.hierarchical.NodeTestTask.prepare(NodeTestTask.java:123) ~[junit-platform-engine-1.8.2.jar:1.8.2]
	at org.junit.platform.engine.support.hierarchical.NodeTestTask.execute(NodeTestTask.java:90) ~[junit-platform-engine-1.8.2.jar:1.8.2]
	at java.base/java.util.ArrayList.forEach(ArrayList.java:1596) ~[na:na]
	at org.junit.platform.engine.support.hierarchical.SameThreadHierarchicalTestExecutorService.invokeAll(SameThreadHierarchicalTestExecutorService.java:41) ~[junit-platform-engine-1.8.2.jar:1.8.2]
	at org.junit.platform.engine.support.hierarchical.NodeTestTask.lambda$executeRecursively$6(NodeTestTask.java:155) ~[junit-platform-engine-1.8.2.jar:1.8.2]
	at org.junit.platform.engine.support.hierarchical.ThrowableCollector.execute(ThrowableCollector.java:73) ~[junit-platform-engine-1.8.2.jar:1.8.2]
	at org.junit.platform.engine.support.hierarchical.NodeTestTask.lambda$executeRecursively$8(NodeTestTask.java:141) ~[junit-platform-engine-1.8.2.jar:1.8.2]
	at org.junit.platform.engine.support.hierarchical.Node.around(Node.java:137) ~[junit-platform-engine-1.8.2.jar:1.8.2]
	at org.junit.platform.engine.support.hierarchical.NodeTestTask.lambda$executeRecursively$9(NodeTestTask.java:139) ~[junit-platform-engine-1.8.2.jar:1.8.2]
	at org.junit.platform.engine.support.hierarchical.ThrowableCollector.execute(ThrowableCollector.java:73) ~[junit-platform-engine-1.8.2.jar:1.8.2]
	at org.junit.platform.engine.support.hierarchical.NodeTestTask.executeRecursively(NodeTestTask.java:138) ~[junit-platform-engine-1.8.2.jar:1.8.2]
	at org.junit.platform.engine.support.hierarchical.NodeTestTask.execute(NodeTestTask.java:95) ~[junit-platform-engine-1.8.2.jar:1.8.2]
	at java.base/java.util.ArrayList.forEach(ArrayList.java:1596) ~[na:na]
	at org.junit.platform.engine.support.hierarchical.SameThreadHierarchicalTestExecutorService.invokeAll(SameThreadHierarchicalTestExecutorService.java:41) ~[junit-platform-engine-1.8.2.jar:1.8.2]
	at org.junit.platform.engine.support.hierarchical.NodeTestTask.lambda$executeRecursively$6(NodeTestTask.java:155) ~[junit-platform-engine-1.8.2.jar:1.8.2]
	at org.junit.platform.engine.support.hierarchical.ThrowableCollector.execute(ThrowableCollector.java:73) ~[junit-platform-engine-1.8.2.jar:1.8.2]
	at org.junit.platform.engine.support.hierarchical.NodeTestTask.lambda$executeRecursively$8(NodeTestTask.java:141) ~[junit-platform-engine-1.8.2.jar:1.8.2]
	at org.junit.platform.engine.support.hierarchical.Node.around(Node.java:137) ~[junit-platform-engine-1.8.2.jar:1.8.2]
	at org.junit.platform.engine.support.hierarchical.NodeTestTask.lambda$executeRecursively$9(NodeTestTask.java:139) ~[junit-platform-engine-1.8.2.jar:1.8.2]
	at org.junit.platform.engine.support.hierarchical.ThrowableCollector.execute(ThrowableCollector.java:73) ~[junit-platform-engine-1.8.2.jar:1.8.2]
	at org.junit.platform.engine.support.hierarchical.NodeTestTask.executeRecursively(NodeTestTask.java:138) ~[junit-platform-engine-1.8.2.jar:1.8.2]
	at org.junit.platform.engine.support.hierarchical.NodeTestTask.execute(NodeTestTask.java:95) ~[junit-platform-engine-1.8.2.jar:1.8.2]
	at org.junit.platform.engine.support.hierarchical.SameThreadHierarchicalTestExecutorService.submit(SameThreadHierarchicalTestExecutorService.java:35) ~[junit-platform-engine-1.8.2.jar:1.8.2]
	at org.junit.platform.engine.support.hierarchical.HierarchicalTestExecutor.execute(HierarchicalTestExecutor.java:57) ~[junit-platform-engine-1.8.2.jar:1.8.2]
	at org.junit.platform.engine.support.hierarchical.HierarchicalTestEngine.execute(HierarchicalTestEngine.java:54) ~[junit-platform-engine-1.8.2.jar:1.8.2]
	at org.junit.platform.launcher.core.DefaultLauncher.execute(DefaultLauncher.java:220) ~[junit-platform-launcher-1.3.1.jar:1.3.1]
	at org.junit.platform.launcher.core.DefaultLauncher.lambda$execute$6(DefaultLauncher.java:188) ~[junit-platform-launcher-1.3.1.jar:1.3.1]
	at org.junit.platform.launcher.core.DefaultLauncher.withInterceptedStreams(DefaultLauncher.java:202) ~[junit-platform-launcher-1.3.1.jar:1.3.1]
	at org.junit.platform.launcher.core.DefaultLauncher.execute(DefaultLauncher.java:181) ~[junit-platform-launcher-1.3.1.jar:1.3.1]
	at org.junit.platform.launcher.core.DefaultLauncher.execute(DefaultLauncher.java:128) ~[junit-platform-launcher-1.3.1.jar:1.3.1]
	at org.apache.maven.surefire.junitplatform.JUnitPlatformProvider.invokeAllTests(JUnitPlatformProvider.java:150) ~[surefire-junit-platform-2.22.2.jar:2.22.2]
	at org.apache.maven.surefire.junitplatform.JUnitPlatformProvider.invoke(JUnitPlatformProvider.java:124) ~[surefire-junit-platform-2.22.2.jar:2.22.2]
	at org.apache.maven.surefire.booter.ForkedBooter.invokeProviderInSameClassLoader(ForkedBooter.java:384) ~[surefire-booter-2.22.2.jar:2.22.2]
	at org.apache.maven.surefire.booter.ForkedBooter.runSuitesInProcess(ForkedBooter.java:345) ~[surefire-booter-2.22.2.jar:2.22.2]
	at org.apache.maven.surefire.booter.ForkedBooter.execute(ForkedBooter.java:126) ~[surefire-booter-2.22.2.jar:2.22.2]
	at org.apache.maven.surefire.booter.ForkedBooter.main(ForkedBooter.java:418) ~[surefire-booter-2.22.2.jar:2.22.2]
Caused by: org.h2.jdbc.JdbcSQLSyntaxErrorException: Column "SYSTIMESTAMP" not found; SQL statement:

    create table photos (
       id varchar(36) not null,
        file_path varchar(500),
        file_size NUMBER(19,0) not null,
        height integer,
        mime_type varchar(50) not null,
        original_file_name varchar(255) not null,
        photo_data blob,
        stored_file_name varchar(255) not null,
        uploaded_at TIMESTAMP DEFAULT SYSTIMESTAMP not null,
        width integer,
        primary key (id)
    ) [42122-214]
	at org.h2.message.DbException.getJdbcSQLException(DbException.java:502) ~[h2-2.1.214.jar:2.1.214]
	at org.h2.message.DbException.getJdbcSQLException(DbException.java:477) ~[h2-2.1.214.jar:2.1.214]
	at org.h2.message.DbException.get(DbException.java:223) ~[h2-2.1.214.jar:2.1.214]
	at org.h2.message.DbException.get(DbException.java:199) ~[h2-2.1.214.jar:2.1.214]
	at org.h2.expression.ExpressionColumn.getColumnException(ExpressionColumn.java:244) ~[h2-2.1.214.jar:2.1.214]
	at org.h2.expression.ExpressionColumn.optimizeOther(ExpressionColumn.java:226) ~[h2-2.1.214.jar:2.1.214]
	at org.h2.expression.ExpressionColumn.optimize(ExpressionColumn.java:213) ~[h2-2.1.214.jar:2.1.214]
	at org.h2.table.Column.setDefaultExpression(Column.java:249) ~[h2-2.1.214.jar:2.1.214]
	at org.h2.command.Parser.parseColumnForTable(Parser.java:5965) ~[h2-2.1.214.jar:2.1.214]
	at org.h2.command.Parser.parseTableColumnDefinition(Parser.java:9331) ~[h2-2.1.214.jar:2.1.214]
	at org.h2.command.Parser.parseCreateTable(Parser.java:9271) ~[h2-2.1.214.jar:2.1.214]
	at org.h2.command.Parser.parseCreate(Parser.java:6784) ~[h2-2.1.214.jar:2.1.214]
	at org.h2.command.Parser.parsePrepared(Parser.java:763) ~[h2-2.1.214.jar:2.1.214]
	at org.h2.command.Parser.parse(Parser.java:689) ~[h2-2.1.214.jar:2.1.214]
	at org.h2.command.Parser.parse(Parser.java:661) ~[h2-2.1.214.jar:2.1.214]
	at org.h2.command.Parser.prepareCommand(Parser.java:569) ~[h2-2.1.214.jar:2.1.214]
	at org.h2.engine.SessionLocal.prepareLocal(SessionLocal.java:631) ~[h2-2.1.214.jar:2.1.214]
	at org.h2.engine.SessionLocal.prepareCommand(SessionLocal.java:554) ~[h2-2.1.214.jar:2.1.214]
	at org.h2.jdbc.JdbcConnection.prepareCommand(JdbcConnection.java:1116) ~[h2-2.1.214.jar:2.1.214]
	at org.h2.jdbc.JdbcStatement.executeInternal(JdbcStatement.java:237) ~[h2-2.1.214.jar:2.1.214]
	at org.h2.jdbc.JdbcStatement.execute(JdbcStatement.java:223) ~[h2-2.1.214.jar:2.1.214]
	at com.zaxxer.hikari.pool.ProxyStatement.execute(ProxyStatement.java:94) ~[HikariCP-4.0.3.jar:na]
	at com.zaxxer.hikari.pool.HikariProxyStatement.execute(HikariProxyStatement.java) ~[HikariCP-4.0.3.jar:na]
	at org.hibernate.tool.schema.internal.exec.GenerationTargetToDatabase.accept(GenerationTargetToDatabase.java:54) ~[hibernate-core-5.6.15.Final.jar:5.6.15.Final]
	... 100 common frames omitted

2026-02-25 13:21:53.682  WARN 39784 --- [           main] o.h.t.s.i.ExceptionHandlerLoggedImpl     : GenerationTarget encountered exception accepting command : Error executing DDL "create index idx_photos_uploaded_at on photos (uploaded_at)" via JDBC Statement

org.hibernate.tool.schema.spi.CommandAcceptanceException: Error executing DDL "create index idx_photos_uploaded_at on photos (uploaded_at)" via JDBC Statement
	at org.hibernate.tool.schema.internal.exec.GenerationTargetToDatabase.accept(GenerationTargetToDatabase.java:67) ~[hibernate-core-5.6.15.Final.jar:5.6.15.Final]
	at org.hibernate.tool.schema.internal.SchemaCreatorImpl.applySqlString(SchemaCreatorImpl.java:458) ~[hibernate-core-5.6.15.Final.jar:5.6.15.Final]
	at org.hibernate.tool.schema.internal.SchemaCreatorImpl.applySqlStrings(SchemaCreatorImpl.java:442) ~[hibernate-core-5.6.15.Final.jar:5.6.15.Final]
	at org.hibernate.tool.schema.internal.SchemaCreatorImpl.createFromMetadata(SchemaCreatorImpl.java:346) ~[hibernate-core-5.6.15.Final.jar:5.6.15.Final]
	at org.hibernate.tool.schema.internal.SchemaCreatorImpl.performCreation(SchemaCreatorImpl.java:169) ~[hibernate-core-5.6.15.Final.jar:5.6.15.Final]
	at org.hibernate.tool.schema.internal.SchemaCreatorImpl.doCreation(SchemaCreatorImpl.java:138) ~[hibernate-core-5.6.15.Final.jar:5.6.15.Final]
	at org.hibernate.tool.schema.internal.SchemaCreatorImpl.doCreation(SchemaCreatorImpl.java:124) ~[hibernate-core-5.6.15.Final.jar:5.6.15.Final]
	at org.hibernate.tool.schema.spi.SchemaManagementToolCoordinator.performDatabaseAction(SchemaManagementToolCoordinator.java:168) ~[hibernate-core-5.6.15.Final.jar:5.6.15.Final]
	at org.hibernate.tool.schema.spi.SchemaManagementToolCoordinator.process(SchemaManagementToolCoordinator.java:85) ~[hibernate-core-5.6.15.Final.jar:5.6.15.Final]
	at org.hibernate.internal.SessionFactoryImpl.<init>(SessionFactoryImpl.java:335) ~[hibernate-core-5.6.15.Final.jar:5.6.15.Final]
	at org.hibernate.boot.internal.SessionFactoryBuilderImpl.build(SessionFactoryBuilderImpl.java:471) ~[hibernate-core-5.6.15.Final.jar:5.6.15.Final]
	at org.hibernate.jpa.boot.internal.EntityManagerFactoryBuilderImpl.build(EntityManagerFactoryBuilderImpl.java:1498) ~[hibernate-core-5.6.15.Final.jar:5.6.15.Final]
	at org.springframework.orm.jpa.vendor.SpringHibernateJpaPersistenceProvider.createContainerEntityManagerFactory(SpringHibernateJpaPersistenceProvider.java:58) ~[spring-orm-5.3.31.jar:5.3.31]
	at org.springframework.orm.jpa.LocalContainerEntityManagerFactoryBean.createNativeEntityManagerFactory(LocalContainerEntityManagerFactoryBean.java:365) ~[spring-orm-5.3.31.jar:5.3.31]
	at org.springframework.orm.jpa.AbstractEntityManagerFactoryBean.buildNativeEntityManagerFactory(AbstractEntityManagerFactoryBean.java:409) ~[spring-orm-5.3.31.jar:5.3.31]
	at org.springframework.orm.jpa.AbstractEntityManagerFactoryBean.afterPropertiesSet(AbstractEntityManagerFactoryBean.java:396) ~[spring-orm-5.3.31.jar:5.3.31]
	at org.springframework.orm.jpa.LocalContainerEntityManagerFactoryBean.afterPropertiesSet(LocalContainerEntityManagerFactoryBean.java:341) ~[spring-orm-5.3.31.jar:5.3.31]
	at org.springframework.beans.factory.support.AbstractAutowireCapableBeanFactory.invokeInitMethods(AbstractAutowireCapableBeanFactory.java:1863) ~[spring-beans-5.3.31.jar:5.3.31]
	at org.springframework.beans.factory.support.AbstractAutowireCapableBeanFactory.initializeBean(AbstractAutowireCapableBeanFactory.java:1800) ~[spring-beans-5.3.31.jar:5.3.31]
	at org.springframework.beans.factory.support.AbstractAutowireCapableBeanFactory.doCreateBean(AbstractAutowireCapableBeanFactory.java:620) ~[spring-beans-5.3.31.jar:5.3.31]
	at org.springframework.beans.factory.support.AbstractAutowireCapableBeanFactory.createBean(AbstractAutowireCapableBeanFactory.java:542) ~[spring-beans-5.3.31.jar:5.3.31]
	at org.springframework.beans.factory.support.AbstractBeanFactory.lambda$doGetBean$0(AbstractBeanFactory.java:335) ~[spring-beans-5.3.31.jar:5.3.31]
	at org.springframework.beans.factory.support.DefaultSingletonBeanRegistry.getSingleton(DefaultSingletonBeanRegistry.java:234) ~[spring-beans-5.3.31.jar:5.3.31]
	at org.springframework.beans.factory.support.AbstractBeanFactory.doGetBean(AbstractBeanFactory.java:333) ~[spring-beans-5.3.31.jar:5.3.31]
	at org.springframework.beans.factory.support.AbstractBeanFactory.getBean(AbstractBeanFactory.java:208) ~[spring-beans-5.3.31.jar:5.3.31]
	at org.springframework.context.support.AbstractApplicationContext.getBean(AbstractApplicationContext.java:1168) ~[spring-context-5.3.31.jar:5.3.31]
	at org.springframework.context.support.AbstractApplicationContext.finishBeanFactoryInitialization(AbstractApplicationContext.java:919) ~[spring-context-5.3.31.jar:5.3.31]
	at org.springframework.context.support.AbstractApplicationContext.refresh(AbstractApplicationContext.java:591) ~[spring-context-5.3.31.jar:5.3.31]
	at org.springframework.boot.SpringApplication.refresh(SpringApplication.java:732) ~[spring-boot-2.7.18.jar:2.7.18]
	at org.springframework.boot.SpringApplication.refreshContext(SpringApplication.java:409) ~[spring-boot-2.7.18.jar:2.7.18]
	at org.springframework.boot.SpringApplication.run(SpringApplication.java:308) ~[spring-boot-2.7.18.jar:2.7.18]
	at org.springframework.boot.test.context.SpringBootContextLoader.loadContext(SpringBootContextLoader.java:136) ~[spring-boot-test-2.7.18.jar:2.7.18]
	at org.springframework.test.context.cache.DefaultCacheAwareContextLoaderDelegate.loadContextInternal(DefaultCacheAwareContextLoaderDelegate.java:141) ~[spring-test-5.3.31.jar:5.3.31]
	at org.springframework.test.context.cache.DefaultCacheAwareContextLoaderDelegate.loadContext(DefaultCacheAwareContextLoaderDelegate.java:90) ~[spring-test-5.3.31.jar:5.3.31]
	at org.springframework.test.context.support.DefaultTestContext.getApplicationContext(DefaultTestContext.java:124) ~[spring-test-5.3.31.jar:5.3.31]
	at org.springframework.test.context.web.ServletTestExecutionListener.setUpRequestContextIfNecessary(ServletTestExecutionListener.java:190) ~[spring-test-5.3.31.jar:5.3.31]
	at org.springframework.test.context.web.ServletTestExecutionListener.prepareTestInstance(ServletTestExecutionListener.java:132) ~[spring-test-5.3.31.jar:5.3.31]
	at org.springframework.test.context.TestContextManager.prepareTestInstance(TestContextManager.java:248) ~[spring-test-5.3.31.jar:5.3.31]
	at org.springframework.test.context.junit.jupiter.SpringExtension.postProcessTestInstance(SpringExtension.java:138) ~[spring-test-5.3.31.jar:5.3.31]
	at org.junit.jupiter.engine.descriptor.ClassBasedTestDescriptor.lambda$invokeTestInstancePostProcessors$8(ClassBasedTestDescriptor.java:363) ~[junit-jupiter-engine-5.8.2.jar:5.8.2]
	at org.junit.jupiter.engine.descriptor.ClassBasedTestDescriptor.executeAndMaskThrowable(ClassBasedTestDescriptor.java:368) ~[junit-jupiter-engine-5.8.2.jar:5.8.2]
	at org.junit.jupiter.engine.descriptor.ClassBasedTestDescriptor.lambda$invokeTestInstancePostProcessors$9(ClassBasedTestDescriptor.java:363) ~[junit-jupiter-engine-5.8.2.jar:5.8.2]
	at java.base/java.util.stream.ReferencePipeline$3$1.accept(ReferencePipeline.java:197) ~[na:na]
	at java.base/java.util.stream.ReferencePipeline$2$1.accept(ReferencePipeline.java:179) ~[na:na]
	at java.base/java.util.ArrayList$ArrayListSpliterator.forEachRemaining(ArrayList.java:1708) ~[na:na]
	at java.base/java.util.stream.AbstractPipeline.copyInto(AbstractPipeline.java:509) ~[na:na]
	at java.base/java.util.stream.AbstractPipeline.wrapAndCopyInto(AbstractPipeline.java:499) ~[na:na]
	at java.base/java.util.stream.StreamSpliterators$WrappingSpliterator.forEachRemaining(StreamSpliterators.java:310) ~[na:na]
	at java.base/java.util.stream.Streams$ConcatSpliterator.forEachRemaining(Streams.java:735) ~[na:na]
	at java.base/java.util.stream.Streams$ConcatSpliterator.forEachRemaining(Streams.java:734) ~[na:na]
	at java.base/java.util.stream.ReferencePipeline$Head.forEach(ReferencePipeline.java:762) ~[na:na]
	at org.junit.jupiter.engine.descriptor.ClassBasedTestDescriptor.invokeTestInstancePostProcessors(ClassBasedTestDescriptor.java:362) ~[junit-jupiter-engine-5.8.2.jar:5.8.2]
	at org.junit.jupiter.engine.descriptor.ClassBasedTestDescriptor.lambda$instantiateAndPostProcessTestInstance$6(ClassBasedTestDescriptor.java:283) ~[junit-jupiter-engine-5.8.2.jar:5.8.2]
	at org.junit.platform.engine.support.hierarchical.ThrowableCollector.execute(ThrowableCollector.java:73) ~[junit-platform-engine-1.8.2.jar:1.8.2]
	at org.junit.jupiter.engine.descriptor.ClassBasedTestDescriptor.instantiateAndPostProcessTestInstance(ClassBasedTestDescriptor.java:282) ~[junit-jupiter-engine-5.8.2.jar:5.8.2]
	at org.junit.jupiter.engine.descriptor.ClassBasedTestDescriptor.lambda$testInstancesProvider$4(ClassBasedTestDescriptor.java:272) ~[junit-jupiter-engine-5.8.2.jar:5.8.2]
	at java.base/java.util.Optional.orElseGet(Optional.java:364) ~[na:na]
	at org.junit.jupiter.engine.descriptor.ClassBasedTestDescriptor.lambda$testInstancesProvider$5(ClassBasedTestDescriptor.java:271) ~[junit-jupiter-engine-5.8.2.jar:5.8.2]
	at org.junit.jupiter.engine.execution.TestInstancesProvider.getTestInstances(TestInstancesProvider.java:31) ~[junit-jupiter-engine-5.8.2.jar:5.8.2]
	at org.junit.jupiter.engine.descriptor.TestMethodTestDescriptor.lambda$prepare$0(TestMethodTestDescriptor.java:102) ~[junit-jupiter-engine-5.8.2.jar:5.8.2]
	at org.junit.platform.engine.support.hierarchical.ThrowableCollector.execute(ThrowableCollector.java:73) ~[junit-platform-engine-1.8.2.jar:1.8.2]
	at org.junit.jupiter.engine.descriptor.TestMethodTestDescriptor.prepare(TestMethodTestDescriptor.java:101) ~[junit-jupiter-engine-5.8.2.jar:5.8.2]
	at org.junit.jupiter.engine.descriptor.TestMethodTestDescriptor.prepare(TestMethodTestDescriptor.java:66) ~[junit-jupiter-engine-5.8.2.jar:5.8.2]
	at org.junit.platform.engine.support.hierarchical.NodeTestTask.lambda$prepare$2(NodeTestTask.java:123) ~[junit-platform-engine-1.8.2.jar:1.8.2]
	at org.junit.platform.engine.support.hierarchical.ThrowableCollector.execute(ThrowableCollector.java:73) ~[junit-platform-engine-1.8.2.jar:1.8.2]
	at org.junit.platform.engine.support.hierarchical.NodeTestTask.prepare(NodeTestTask.java:123) ~[junit-platform-engine-1.8.2.jar:1.8.2]
	at org.junit.platform.engine.support.hierarchical.NodeTestTask.execute(NodeTestTask.java:90) ~[junit-platform-engine-1.8.2.jar:1.8.2]
	at java.base/java.util.ArrayList.forEach(ArrayList.java:1596) ~[na:na]
	at org.junit.platform.engine.support.hierarchical.SameThreadHierarchicalTestExecutorService.invokeAll(SameThreadHierarchicalTestExecutorService.java:41) ~[junit-platform-engine-1.8.2.jar:1.8.2]
	at org.junit.platform.engine.support.hierarchical.NodeTestTask.lambda$executeRecursively$6(NodeTestTask.java:155) ~[junit-platform-engine-1.8.2.jar:1.8.2]
	at org.junit.platform.engine.support.hierarchical.ThrowableCollector.execute(ThrowableCollector.java:73) ~[junit-platform-engine-1.8.2.jar:1.8.2]
	at org.junit.platform.engine.support.hierarchical.NodeTestTask.lambda$executeRecursively$8(NodeTestTask.java:141) ~[junit-platform-engine-1.8.2.jar:1.8.2]
	at org.junit.platform.engine.support.hierarchical.Node.around(Node.java:137) ~[junit-platform-engine-1.8.2.jar:1.8.2]
	at org.junit.platform.engine.support.hierarchical.NodeTestTask.lambda$executeRecursively$9(NodeTestTask.java:139) ~[junit-platform-engine-1.8.2.jar:1.8.2]
	at org.junit.platform.engine.support.hierarchical.ThrowableCollector.execute(ThrowableCollector.java:73) ~[junit-platform-engine-1.8.2.jar:1.8.2]
	at org.junit.platform.engine.support.hierarchical.NodeTestTask.executeRecursively(NodeTestTask.java:138) ~[junit-platform-engine-1.8.2.jar:1.8.2]
	at org.junit.platform.engine.support.hierarchical.NodeTestTask.execute(NodeTestTask.java:95) ~[junit-platform-engine-1.8.2.jar:1.8.2]
	at java.base/java.util.ArrayList.forEach(ArrayList.java:1596) ~[na:na]
	at org.junit.platform.engine.support.hierarchical.SameThreadHierarchicalTestExecutorService.invokeAll(SameThreadHierarchicalTestExecutorService.java:41) ~[junit-platform-engine-1.8.2.jar:1.8.2]
	at org.junit.platform.engine.support.hierarchical.NodeTestTask.lambda$executeRecursively$6(NodeTestTask.java:155) ~[junit-platform-engine-1.8.2.jar:1.8.2]
	at org.junit.platform.engine.support.hierarchical.ThrowableCollector.execute(ThrowableCollector.java:73) ~[junit-platform-engine-1.8.2.jar:1.8.2]
	at org.junit.platform.engine.support.hierarchical.NodeTestTask.lambda$executeRecursively$8(NodeTestTask.java:141) ~[junit-platform-engine-1.8.2.jar:1.8.2]
	at org.junit.platform.engine.support.hierarchical.Node.around(Node.java:137) ~[junit-platform-engine-1.8.2.jar:1.8.2]
	at org.junit.platform.engine.support.hierarchical.NodeTestTask.lambda$executeRecursively$9(NodeTestTask.java:139) ~[junit-platform-engine-1.8.2.jar:1.8.2]
	at org.junit.platform.engine.support.hierarchical.ThrowableCollector.execute(ThrowableCollector.java:73) ~[junit-platform-engine-1.8.2.jar:1.8.2]
	at org.junit.platform.engine.support.hierarchical.NodeTestTask.executeRecursively(NodeTestTask.java:138) ~[junit-platform-engine-1.8.2.jar:1.8.2]
	at org.junit.platform.engine.support.hierarchical.NodeTestTask.execute(NodeTestTask.java:95) ~[junit-platform-engine-1.8.2.jar:1.8.2]
	at org.junit.platform.engine.support.hierarchical.SameThreadHierarchicalTestExecutorService.submit(SameThreadHierarchicalTestExecutorService.java:35) ~[junit-platform-engine-1.8.2.jar:1.8.2]
	at org.junit.platform.engine.support.hierarchical.HierarchicalTestExecutor.execute(HierarchicalTestExecutor.java:57) ~[junit-platform-engine-1.8.2.jar:1.8.2]
	at org.junit.platform.engine.support.hierarchical.HierarchicalTestEngine.execute(HierarchicalTestEngine.java:54) ~[junit-platform-engine-1.8.2.jar:1.8.2]
	at org.junit.platform.launcher.core.DefaultLauncher.execute(DefaultLauncher.java:220) ~[junit-platform-launcher-1.3.1.jar:1.3.1]
	at org.junit.platform.launcher.core.DefaultLauncher.lambda$execute$6(DefaultLauncher.java:188) ~[junit-platform-launcher-1.3.1.jar:1.3.1]
	at org.junit.platform.launcher.core.DefaultLauncher.withInterceptedStreams(DefaultLauncher.java:202) ~[junit-platform-launcher-1.3.1.jar:1.3.1]
	at org.junit.platform.launcher.core.DefaultLauncher.execute(DefaultLauncher.java:181) ~[junit-platform-launcher-1.3.1.jar:1.3.1]
	at org.junit.platform.launcher.core.DefaultLauncher.execute(DefaultLauncher.java:128) ~[junit-platform-launcher-1.3.1.jar:1.3.1]
	at org.apache.maven.surefire.junitplatform.JUnitPlatformProvider.invokeAllTests(JUnitPlatformProvider.java:150) ~[surefire-junit-platform-2.22.2.jar:2.22.2]
	at org.apache.maven.surefire.junitplatform.JUnitPlatformProvider.invoke(JUnitPlatformProvider.java:124) ~[surefire-junit-platform-2.22.2.jar:2.22.2]
	at org.apache.maven.surefire.booter.ForkedBooter.invokeProviderInSameClassLoader(ForkedBooter.java:384) ~[surefire-booter-2.22.2.jar:2.22.2]
	at org.apache.maven.surefire.booter.ForkedBooter.runSuitesInProcess(ForkedBooter.java:345) ~[surefire-booter-2.22.2.jar:2.22.2]
	at org.apache.maven.surefire.booter.ForkedBooter.execute(ForkedBooter.java:126) ~[surefire-booter-2.22.2.jar:2.22.2]
	at org.apache.maven.surefire.booter.ForkedBooter.main(ForkedBooter.java:418) ~[surefire-booter-2.22.2.jar:2.22.2]
Caused by: org.h2.jdbc.JdbcSQLSyntaxErrorException: Table "PHOTOS" not found; SQL statement:
create index idx_photos_uploaded_at on photos (uploaded_at) [42102-214]
	at org.h2.message.DbException.getJdbcSQLException(DbException.java:502) ~[h2-2.1.214.jar:2.1.214]
	at org.h2.message.DbException.getJdbcSQLException(DbException.java:477) ~[h2-2.1.214.jar:2.1.214]
	at org.h2.message.DbException.get(DbException.java:223) ~[h2-2.1.214.jar:2.1.214]
	at org.h2.message.DbException.get(DbException.java:199) ~[h2-2.1.214.jar:2.1.214]
	at org.h2.command.ddl.CreateIndex.update(CreateIndex.java:68) ~[h2-2.1.214.jar:2.1.214]
	at org.h2.command.CommandContainer.update(CommandContainer.java:169) ~[h2-2.1.214.jar:2.1.214]
	at org.h2.command.Command.executeUpdate(Command.java:252) ~[h2-2.1.214.jar:2.1.214]
	at org.h2.jdbc.JdbcStatement.executeInternal(JdbcStatement.java:252) ~[h2-2.1.214.jar:2.1.214]
	at org.h2.jdbc.JdbcStatement.execute(JdbcStatement.java:223) ~[h2-2.1.214.jar:2.1.214]
	at com.zaxxer.hikari.pool.ProxyStatement.execute(ProxyStatement.java:94) ~[HikariCP-4.0.3.jar:na]
	at com.zaxxer.hikari.pool.HikariProxyStatement.execute(HikariProxyStatement.java) ~[HikariCP-4.0.3.jar:na]
	at org.hibernate.tool.schema.internal.exec.GenerationTargetToDatabase.accept(GenerationTargetToDatabase.java:54) ~[hibernate-core-5.6.15.Final.jar:5.6.15.Final]
	... 100 common frames omitted

2026-02-25 13:21:53.682  INFO 39784 --- [           main] o.h.e.t.j.p.i.JtaPlatformInitiator       : HHH000490: Using JtaPlatform implementation: [org.hibernate.engine.transaction.jta.platform.internal.NoJtaPlatform]
2026-02-25 13:21:53.700  INFO 39784 --- [           main] j.LocalContainerEntityManagerFactoryBean : Initialized JPA EntityManagerFactory for persistence unit 'default'
2026-02-25 13:21:54.682  WARN 39784 --- [           main] JpaBaseConfiguration$JpaWebConfiguration : spring.jpa.open-in-view is enabled by default. Therefore, database queries may be performed during view rendering. Explicitly configure spring.jpa.open-in-view to disable this warning
2026-02-25 13:21:54.929 DEBUG 39784 --- [           main] s.w.s.m.m.a.RequestMappingHandlerAdapter : ControllerAdvice beans: 0 @ModelAttribute, 0 @InitBinder, 1 RequestBodyAdvice, 1 ResponseBodyAdvice
2026-02-25 13:21:54.960  INFO 39784 --- [           main] o.s.b.a.w.s.WelcomePageHandlerMapping    : Adding welcome page template: index
2026-02-25 13:21:55.023 DEBUG 39784 --- [           main] s.w.s.m.m.a.RequestMappingHandlerMapping : 7 mappings in 'requestMappingHandlerMapping'
2026-02-25 13:21:55.053 DEBUG 39784 --- [           main] o.s.w.s.handler.SimpleUrlHandlerMapping  : Patterns [/webjars/**, /**] in 'resourceHandlerMapping'
2026-02-25 13:21:55.065 DEBUG 39784 --- [           main] .m.m.a.ExceptionHandlerExceptionResolver : ControllerAdvice beans: 0 @ExceptionHandler, 1 ResponseBodyAdvice
2026-02-25 13:21:55.254  INFO 39784 --- [           main] c.photoalbum.PhotoAlbumApplicationTests  : Started PhotoAlbumApplicationTests in 3.963 seconds (JVM running for 4.668)
2026-02-25 13:21:55.449 DEBUG 39784 --- [ionShutdownHook] o.s.w.c.s.GenericWebApplicationContext   : Closing org.springframework.web.context.support.GenericWebApplicationContext@27a5328c, started on Wed Feb 25 13:21:51 CST 2026
2026-02-25 13:21:55.449  INFO 39784 --- [ionShutdownHook] j.LocalContainerEntityManagerFactoryBean : Closing JPA EntityManagerFactory for persistence unit 'default'
2026-02-25 13:21:55.449  INFO 39784 --- [ionShutdownHook] .SchemaDropperImpl$DelayedDropActionImpl : HHH000477: Starting delayed evictData of schema as part of SessionFactory shut-down'
2026-02-25 13:21:55.654  INFO 39784 --- [ionShutdownHook] com.zaxxer.hikari.HikariDataSource       : HikariPool-1 - Shutdown initiated...
2026-02-25 13:21:55.655  INFO 39784 --- [ionShutdownHook] com.zaxxer.hikari.HikariDataSource       : HikariPool-1 - Shutdown completed.
2026-02-25T05:21:56.302Z [INFO] [MavenBuildTool] loading surefire reports.
2026-02-25T05:21:56.307Z [INFO] [MavenBuildTool] summarizing surefire reports.
2026-02-25T05:21:56.307Z [INFO] [MavenBuildTool] Cleaning D:\code\ai\samples\repos\photo-album-java-fork using Maven
2026-02-25T05:21:56.308Z [INFO] [Environment] Running command (Java 21): mvn clean -q -B -fn
2026-02-25T05:21:58.355Z [INFO] Add test changes to summary...
2026-02-25T05:21:58.434Z [INFO] 3	3	pom.xml
1	1	src/main/java/com/photoalbum/controller/DetailController.java
1	1	src/main/java/com/photoalbum/controller/PhotoFileController.java
4	4	src/main/java/com/photoalbum/service/impl/PhotoServiceImpl.java

2026-02-25T05:21:58.441Z [INFO] Add test errors to summary...
2026-02-25T05:21:58.442Z [INFO] getting CVEs for dependencies:
 - org.springframework.boot:spring-boot-starter-web:2.7.18
  - org.springframework.boot:spring-boot-starter-thymeleaf:2.7.18
  - org.springframework.boot:spring-boot-starter-data-jpa:2.7.18
  - com.oracle.database.jdbc:ojdbc8:21.5.0.0
  - org.springframework.boot:spring-boot-starter-validation:2.7.18
  - commons-io:commons-io:2.11.0
  - org.springframework.boot:spring-boot-starter-json:2.7.18
  - org.springframework.boot:spring-boot-starter-test:2.7.18
  - com.h2database:h2:2.1.214
  - org.springframework.boot:spring-boot-devtools:2.7.18
  - java:*:21...
2026-02-25T05:21:58.442Z [INFO] getting gitHub access token...
2026-02-25T05:21:58.443Z [ERROR] Failed to get GitHub access token to validate CVEs for the given dependencies.
2026-02-25T05:21:58.443Z [INFO] Processing batch 1/1, size: 11
2026-02-25T05:21:58.444Z [INFO] listing CVEs from GitHub for dependencies [
  "org.springframework.boot:spring-boot-starter-web:2.7.18",
  "org.springframework.boot:spring-boot-starter-thymeleaf:2.7.18",
  "org.springframework.boot:spring-boot-starter-data-jpa:2.7.18",
  "com.oracle.database.jdbc:ojdbc8:21.5.0.0",
  "org.springframework.boot:spring-boot-starter-validation:2.7.18",
  "commons-io:commons-io:2.11.0",
  "org.springframework.boot:spring-boot-starter-json:2.7.18",
  "org.springframework.boot:spring-boot-starter-test:2.7.18",
  "com.h2database:h2:2.1.214",
  "org.springframework.boot:spring-boot-devtools:2.7.18",
  "java:*:21"
]
2026-02-25T05:21:58.986Z [INFO] Fetched 2 total advisories across all pages
2026-02-25T05:21:58.989Z [INFO] grouping CVEs and finding max patched version by dep...
2026-02-25T05:21:58.992Z [INFO] done getting 2 CVEs for 11 dependencies
2026-02-25T05:21:58.995Z [INFO] calculating patched version by dep...
2026-02-25T05:21:58.997Z [INFO] CVE CVE-2024-47554 for commons-io:commons-io:2.11.0: patched version 2.14.0
2026-02-25T05:21:59.000Z [INFO] CVE CVE-2022-45868 for com.h2database:h2:2.1.214: patched version 2.2.220
2026-02-25T05:21:59.002Z [INFO] finished getting CVEs for dependencies.
2026-02-25T05:21:59.111Z [INFO] diff --git a/pom.xml b/pom.xml
index 216b79d..732bd78 100644
--- a/pom.xml
+++ b/pom.xml
@@ -21,9 +21,9 @@
     <description>A simple photo storage and gallery application built with Spring Boot and Oracle DB</description>
 
     <properties>
-        <java.version>1.8</java.version>
-        <maven.compiler.source>8</maven.compiler.source>
-        <maven.compiler.target>8</maven.compiler.target>
+        <java.version>21</java.version>
+        <maven.compiler.source>21</maven.compiler.source>
+        <maven.compiler.target>21</maven.compiler.target>
         <project.build.sourceEncoding>UTF-8</project.build.sourceEncoding>
     </properties>
 
diff --git a/src/main/java/com/photoalbum/controller/DetailController.java b/src/main/java/com/photoalbum/controller/DetailController.java
index d138ef9..1c091ad 100644
--- a/src/main/java/com/photoalbum/controller/DetailController.java
+++ b/src/main/java/com/photoalbum/controller/DetailController.java
@@ -37,7 +37,7 @@ public String detail(@PathVariable String id, Model model) {
 
         try {
             Optional<Photo> photoOpt = photoService.getPhotoById(id);
-            if (!photoOpt.isPresent()) {
+            if (photoOpt.isEmpty()) {
                 return "redirect:/";
             }
 
diff --git a/src/main/java/com/photoalbum/controller/PhotoFileController.java b/src/main/java/com/photoalbum/controller/PhotoFileController.java
index 2f31408..6013ab6 100644
--- a/src/main/java/com/photoalbum/controller/PhotoFileController.java
+++ b/src/main/java/com/photoalbum/controller/PhotoFileController.java
@@ -45,7 +45,7 @@ public ResponseEntity<Resource> servePhoto(@PathVariable String id) {
             logger.info("=== DEBUGGING: Serving photo request for ID {} ===", id);
             Optional<Photo> photoOpt = photoService.getPhotoById(id);
 
-            if (!photoOpt.isPresent()) {
+            if (photoOpt.isEmpty()) {
                 logger.warn("Photo with ID {} not found", id);
                 return ResponseEntity.notFound().build();
             }
diff --git a/src/main/java/com/photoalbum/service/impl/PhotoServiceImpl.java b/src/main/java/com/photoalbum/service/impl/PhotoServiceImpl.java
index fa379a5..9211352 100644
--- a/src/main/java/com/photoalbum/service/impl/PhotoServiceImpl.java
+++ b/src/main/java/com/photoalbum/service/impl/PhotoServiceImpl.java
@@ -91,7 +91,7 @@ public UploadResult uploadPhoto(MultipartFile file) {
             // Validate file size
             if (file.getSize() > maxFileSizeBytes) {
                 result.setSuccess(false);
-                result.setErrorMessage(String.format("File size exceeds %dMB limit.", maxFileSizeBytes / 1024 / 1024));
+                result.setErrorMessage("File size exceeds %dMB limit.".formatted(maxFileSizeBytes / 1024 / 1024));
                 logger.warn("Upload rejected: File size {} exceeds limit for {}", 
                     file.getSize(), file.getOriginalFilename());
                 return result;
@@ -178,7 +178,7 @@ public UploadResult uploadPhoto(MultipartFile file) {
     public boolean deletePhoto(String id) {
         try {
             Optional<Photo> photoOpt = photoRepository.findById(id);
-            if (!photoOpt.isPresent()) {
+            if (photoOpt.isEmpty()) {
                 logger.warn("Photo with ID {} not found for deletion", id);
                 return false;
             }
@@ -203,7 +203,7 @@ public boolean deletePhoto(String id) {
     @Transactional(readOnly = true)
     public Optional<Photo> getPreviousPhoto(Photo currentPhoto) {
         List<Photo> olderPhotos = photoRepository.findPhotosUploadedBefore(currentPhoto.getUploadedAt());
-        return olderPhotos.isEmpty() ? Optional.<Photo>empty() : Optional.of(olderPhotos.get(0));
+        return olderPhotos.isEmpty() ? Optional.<Photo>empty() : Optional.of(olderPhotos.getFirst());
     }
 
     /**
@@ -213,7 +213,7 @@ public Optional<Photo> getPreviousPhoto(Photo currentPhoto) {
     @Transactional(readOnly = true)
     public Optional<Photo> getNextPhoto(Photo currentPhoto) {
         List<Photo> newerPhotos 
2026-02-25T05:21:59.112Z [INFO] = photoRepository.findPhotosUploadedAfter(currentPhoto.getUploadedAt());
-        return newerPhotos.isEmpty() ? Optional.<Photo>empty() : Optional.of(newerPhotos.get(0));
+        return newerPhotos.isEmpty() ? Optional.<Photo>empty() : Optional.of(newerPhotos.getFirst());
     }
 
     /**

2026-02-25T05:21:59.118Z [INFO] [unknown]: getting broken files...
2026-02-25T05:21:59.119Z [INFO] [unknown]: found 0 broken files.
2026-02-25T05:21:59.120Z [INFO] [unknown]: there are 83 lines.
2026-02-25T05:21:59.633Z [INFO] [unknown]: there are 1037 tokens.
2026-02-25T05:21:59.633Z [INFO] [unknown]: no need to split the diff file.
2026-02-25T05:21:59.634Z [INFO] summarizing behavior changes...
2026-02-25T05:21:59.635Z [INFO] summarizing behavior changes of part 1...
2026-02-25T05:21:59.638Z [INFO] summarized behavior changes of part 1.
2026-02-25T05:21:59.639Z [INFO] summarized behavior changes of all parts.
2026-02-25T05:21:59.639Z [INFO] summarizing behavior changes...
2026-02-25T05:21:59.640Z [INFO] summarizing behavior changes of part 1...
2026-02-25T05:21:59.642Z [INFO] summarized behavior changes of part 1.
2026-02-25T05:21:59.643Z [INFO] summarized behavior changes of all parts.
2026-02-25T05:21:59.643Z [INFO] summarizing behavior changes...
2026-02-25T05:21:59.643Z [INFO] summarizing behavior changes of part 1...
2026-02-25T05:21:59.646Z [INFO] summarized behavior changes of part 1.
2026-02-25T05:21:59.646Z [INFO] summarized behavior changes of all parts.
